<?xml version="1.0" encoding="UTF-8"?>
<testng-results skipped="0" failed="0" total="10" passed="10">
  <reporter-output>
  </reporter-output>
  <suite name="Default suite" duration-ms="937" started-at="2011-08-04T14:09:29Z" finished-at="2011-08-04T14:09:30Z">
    <groups>
    </groups>
    <test name="Default test" duration-ms="937" started-at="2011-08-04T14:09:29Z" finished-at="2011-08-04T14:09:30Z">
      <class name="com.psx.technology.debug.c3po.content.parser.XDebugDataStructureParserTest">
        <test-method status="PASS" signature="setUpBeforeMethod()" name="setUpBeforeMethod" is-config="true" duration-ms="8" started-at="2011-08-04T14:09:29Z" finished-at="2011-08-04T14:09:29Z">
        </test-method>
        <test-method status="PASS" signature="parseArrayString(java.lang.String, java.lang.String, int)" name="parseArrayString" duration-ms="10" started-at="2011-08-04T14:09:29Z" finished-at="2011-08-04T14:09:29Z">
          <params>
            <param index="0">
              <value>
                <![CDATA[$array]]>
              </value>
            </param>
            <param index="1">
              <value>
                <![CDATA[0 => 'Zend_', 1 => 'ZendX_']]>
              </value>
            </param>
            <param index="2">
              <value>
                <![CDATA[2]]>
              </value>
            </param>
          </params>
        </test-method>
        <test-method status="PASS" signature="setUpBeforeMethod()" name="setUpBeforeMethod" is-config="true" duration-ms="1" started-at="2011-08-04T14:09:29Z" finished-at="2011-08-04T14:09:29Z">
        </test-method>
        <test-method status="PASS" signature="parseArrayString(java.lang.String, java.lang.String, int)" name="parseArrayString" duration-ms="1" started-at="2011-08-04T14:09:29Z" finished-at="2011-08-04T14:09:29Z">
          <params>
            <param index="0">
              <value>
                <![CDATA[$testData]]>
              </value>
            </param>
            <param index="1">
              <value>
                <![CDATA['RouterOverviewForm' => "Test this is...", 'anotherValue' => 1]]>
              </value>
            </param>
            <param index="2">
              <value>
                <![CDATA[2]]>
              </value>
            </param>
          </params>
        </test-method>
        <test-method status="PASS" signature="setUpBeforeMethod()" name="setUpBeforeMethod" is-config="true" duration-ms="1" started-at="2011-08-04T14:09:29Z" finished-at="2011-08-04T14:09:29Z">
        </test-method>
        <test-method status="PASS" signature="parseObjectString(java.lang.String, java.lang.String, int)" name="parseObjectString" duration-ms="1" started-at="2011-08-04T14:09:29Z" finished-at="2011-08-04T14:09:29Z">
          <params>
            <param index="0">
              <value>
                <![CDATA[$className]]>
              </value>
            </param>
            <param index="1">
              <value>
                <![CDATA[Xlogic\AddOn\Administration\RouteOverview\View\RouteOverviewForm { protected $form = array (); protected $title = 'Registered routes'; }]]>
              </value>
            </param>
            <param index="2">
              <value>
                <![CDATA[2]]>
              </value>
            </param>
          </params>
        </test-method>
        <test-method status="PASS" signature="setUpBeforeMethod()" name="setUpBeforeMethod" is-config="true" duration-ms="0" started-at="2011-08-04T14:09:29Z" finished-at="2011-08-04T14:09:29Z">
        </test-method>
        <test-method status="PASS" signature="parseStringParameter([Ljava.lang.String;)" name="parseStringParameter" duration-ms="1" started-at="2011-08-04T14:09:29Z" finished-at="2011-08-04T14:09:29Z">
          <params>
            <param index="0">
              <value>
                <![CDATA[[Ljava.lang.String;@1cec6b00]]>
              </value>
            </param>
          </params>
        </test-method>
        <test-method status="PASS" signature="setUpBeforeMethod()" name="setUpBeforeMethod" is-config="true" duration-ms="0" started-at="2011-08-04T14:09:29Z" finished-at="2011-08-04T14:09:29Z">
        </test-method>
        <test-method status="PASS" signature="parseStringParameter([Ljava.lang.String;)" name="parseStringParameter" duration-ms="2" started-at="2011-08-04T14:09:29Z" finished-at="2011-08-04T14:09:29Z">
          <params>
            <param index="0">
              <value>
                <![CDATA[[Ljava.lang.String;@67d95492]]>
              </value>
            </param>
          </params>
        </test-method>
        <test-method status="PASS" signature="parseStringReturn(java.lang.String)" name="parseStringReturn" duration-ms="1" started-at="2011-08-04T14:09:29Z" finished-at="2011-08-04T14:09:29Z">
          <params>
            <param index="0">
              <value>
                <![CDATA[FALSE]]>
              </value>
            </param>
          </params>
        </test-method>
        <test-method status="PASS" signature="setUpBeforeMethod()" name="setUpBeforeMethod" is-config="true" duration-ms="0" started-at="2011-08-04T14:09:29Z" finished-at="2011-08-04T14:09:29Z">
        </test-method>
        <test-method status="PASS" signature="setUpBeforeMethod()" name="setUpBeforeMethod" is-config="true" duration-ms="0" started-at="2011-08-04T14:09:29Z" finished-at="2011-08-04T14:09:29Z">
        </test-method>
        <test-method status="PASS" signature="parseStringReturn(java.lang.String)" name="parseStringReturn" duration-ms="841" started-at="2011-08-04T14:09:29Z" finished-at="2011-08-04T14:09:30Z">
          <params>
            <param index="0">
              <value>
                <![CDATA[array ('RouteOverviewForm' => class Xlogic\AddOn\Administration\RouteOverview\Controller\RouteOverviewModule { protected $validators = array (); protected $view = class Xlogic\AddOn\Administration\RouteOverview\View\RouteOverviewForm { protected $form = array (); protected $title = 'Registered routes'; protected $name = 'RouteOverviewForm'; protected $row = 30; protected $col = 2; protected $cols = array (0 => '15%', 1 => '35%', 2 => '15%', 3 => '35%', 4 => '20%', 5 => '60%'); protected $controls = array (1 => array (1 => array ('colspan' => 1, 'text' => 'AddOn:', 'rowspan' => 1), 2 => array ('colspan' => 1, 'text' => '<a name="Xlogic\AddOn\Administration\ChangePassword\AddOn" id="Xlogic\AddOn\Administration\ChangePassword\AddOn">Xlogic\AddOn\Administration\ChangePassword\AddOn[Xlogic/AddOn/Administration/ChangePassword/]</a>', 'rowspan' => 1)), 2 => array (1 => array ('colspan' => 1, 'text' => 'Path to config file: ', 'rowspan' => 1), 2 => array ('colspan' => 1, 'text' => '/var/www/workspace/Xlogic/Xlogic/AddOn/Administration/ChangePassword/Config/', 'rowspan' => 1)), 3 => array (2 => class Xlogic\Core\View\Control\Textarea { protected $type = 'textarea'; protected $rows = '6'; protected $cols = '80'; protected $multilineOnMultipleValues = FALSE; protected $label = 'Config:'; protected $row = 3; protected $col = 2; protected $name = '/var/www/workspace/Xlogic/Xlogic/AddOn/Administration/ChangePassword/Config/config.ini'; protected $value = '; Configuration file
[AddOn]
name = 'ChangePassword'

[Routes]
routes.changePassword.route = Administration/ChangePassword/:action
routes.changePassword.defaults.controller = \Xlogic\AddOn\Administration\ChangePassword\Controller\ChangePassword
routes.changePassword.defaults.action = render'; protected $disabled = TRUE; protected $class = 'admin_config'; protected $dbName = NULL; protected $mandatory = FALSE; protected $regEx = array (); protected $moduleName = 'RouteOverviewForm'; protected $onchange = NULL; protected $events = array (); protected $unique = FALSE; protected $multiple = FALSE; protected $labelLeft = TRUE; protected $dataProvider = NULL; protected $dataProviderName = NULL; protected $toolTip = NULL; protected $group = NULL; protected $colspan = 1; protected $save = TRUE }), 4 => array (2 => class Xlogic\Core\View\Control\Textarea { protected $type = 'textarea'; protected $rows = '6'; protected $cols = '80'; protected $multilineOnMultipleValues = FALSE; protected $label = 'Acl:'; protected $row = 4; protected $col = 2; protected $name = '/var/www/workspace/Xlogic/Xlogic/AddOn/Administration/ChangePassword/Config/acl.ini'; protected $value = '; ACL Configuration file
[Public]
ChangePassword._all = x
ChangePasswordForm._all  = rw'; protected $disabled = TRUE; protected $class = 'admin_config'; protected $dbName = NULL; protected $mandatory = FALSE; protected $regEx = array (); protected $moduleName = 'RouteOverviewForm'; protected $onchange = NULL; protected $events = array (); protected $unique = FALSE; protected $multiple = FALSE; protected $labelLeft = TRUE; protected $dataProvider = NULL; protected $dataProviderName = NULL; protected $toolTip = NULL; protected $group = NULL; protected $colspan = 1; protected $save = TRUE }), 5 => array (1 => array ('colspan' => 1, 'text' => 'Route: ', 'rowspan' => 1), 2 => array ('colspan' => 1, 'text' => '<a href="http://ubuntu:80/workspace/Xlogic/Administration/ChangePassword/">Administration/ChangePassword/</a>', 'rowspan' => 1)), 6 => array (1 => array ('colspan' => 1, 'text' => 'Controller: ', 'rowspan' => 1), 2 => array ('colspan' => 1, 'text' => '\Xlogic\AddOn\Administration\ChangePassword\Controller\ChangePassword', 'rowspan' => 1)), 7 => array (1 => array ('colspan' => 1, 'text' => 'Default action: ', 'rowspan' => 1), 2 => array ('colspan' => 1, 'text' => 'render', 'rowspan' => 1)), 8 => array (1 => array ('colspan' => 2, 'text' => '<hr/>', 'rowspan' => 1)), 9 => array (1 => array ('colspan' => 1, 'text' => 'AddOn:', 'rowspan' => 1), 2 => array ('colspan' => 1, 'text' => '<a name="Xlogic\AddOn\Administration\RouteOverview\AddOn" id="Xlogic\AddOn\Administration\RouteOverview\AddOn">Xlogic\AddOn\Administration\RouteOverview\AddOn[Xlogic/AddOn/Administration/RouteOverview/]</a>', 'rowspan' => 1)), 10 => array (1 => array ('colspan' => 1, 'text' => 'Path to config file: ', 'rowspan' => 1), 2 => array ('colspan' => 1, 'text' => '/var/www/workspace/Xlogic/Xlogic/AddOn/Administration/RouteOverview/Config/', 'rowspan' => 1)), 11 => array (2 => class Xlogic\Core\View\Control\Textarea { protected $type = 'textarea'; protected $rows = '6'; protected $cols = '80'; protected $multilineOnMultipleValues = FALSE; protected $label = 'Config:'; protected $row = 11; protected $col = 2; protected $name = '/var/www/workspace/Xlogic/Xlogic/AddOn/Administration/RouteOverview/Config/config.ini'; protected $value = '; Configuration file
[AddOn]
name = 'RouteOverview'

[Routes]
routes.routeOverview.route = Administration/RouteOverview/:action
routes.routeOverview.defaults.controller = \Xlogic\AddOn\Administration\RouteOverview\Controller\RouteOverview
routes.routeOverview.defaults.action = render'; protected $disabled = TRUE; protected $class = 'admin_config'; protected $dbName = NULL; protected $mandatory = FALSE; protected $regEx = array (); protected $moduleName = 'RouteOverviewForm'; protected $onchange = NULL; protected $events = array (); protected $unique = FALSE; protected $multiple = FALSE; protected $labelLeft = TRUE; protected $dataProvider = NULL; protected $dataProviderName = NULL; protected $toolTip = NULL; protected $group = NULL; protected $colspan = 1; protected $save = TRUE }), 12 => array (2 => class Xlogic\Core\View\Control\Textarea { protected $type = 'textarea'; protected $rows = '6'; protected $cols = '80'; protected $multilineOnMultipleValues = FALSE; protected $label = 'Acl:'; protected $row = 12; protected $col = 2; protected $name = '/var/www/workspace/Xlogic/Xlogic/AddOn/Administration/RouteOverview/Config/acl.ini'; protected $value = '; ACL Configuration file
[Public]
RouteOverview._all = x
RouteOverviewForm.all = rw'; protected $disabled = TRUE; protected $class = 'admin_config'; protected $dbName = NULL; protected $mandatory = FALSE; protected $regEx = array (); protected $moduleName = 'RouteOverviewForm'; protected $onchange = NULL; protected $events = array (); protected $unique = FALSE; protected $multiple = FALSE; protected $labelLeft = TRUE; protected $dataProvider = NULL; protected $dataProviderName = NULL; protected $toolTip = NULL; protected $group = NULL; protected $colspan = 1; protected $save = TRUE }), 13 => array (1 => array ('colspan' => 1, 'text' => 'Route: ', 'rowspan' => 1), 2 => array ('colspan' => 1, 'text' => '<a href="http://ubuntu:80/workspace/Xlogic/Administration/RouteOverview/">Administration/RouteOverview/</a>', 'rowspan' => 1)), 14 => array (1 => array ('colspan' => 1, 'text' => 'Controller: ', 'rowspan' => 1), 2 => array ('colspan' => 1, 'text' => '\Xlogic\AddOn\Administration\RouteOverview\Controller\RouteOverview', 'rowspan' => 1)), 15 => array (1 => array ('colspan' => 1, 'text' => 'Default action: ', 'rowspan' => 1), 2 => array ('colspan' => 1, 'text' => 'render', 'rowspan' => 1)), 16 => array (1 => array ('colspan' => 2, 'text' => '<hr/>', 'rowspan' => 1)), 17 => array (1 => array ('colspan' => 1, 'text' => 'AddOn:', 'rowspan' => 1), 2 => array ('colspan' => 1, 'text' => '<a name="Xlogic\AddOn\Administration\UserDetails\AddOn" id="Xlogic\AddOn\Administration\UserDetails\AddOn">Xlogic\AddOn\Administration\UserDetails\AddOn[Xlogic/AddOn/Administration/UserDetails/]</a>', 'rowspan' => 1)), 18 => array (1 => array ('colspan' => 1, 'text' => 'Path to config file: ', 'rowspan' => 1), 2 => array ('colspan' => 1, 'text' => '/var/www/workspace/Xlogic/Xlogic/AddOn/Administration/UserDetails/Config/', 'rowspan' => 1)), 19 => array (2 => class Xlogic\Core\View\Control\Textarea { protected $type = 'textarea'; protected $rows = '6'; protected $cols = '80'; protected $multilineOnMultipleValues = FALSE; protected $label = 'Config:'; protected $row = 19; protected $col = 2; protected $name = '/var/www/workspace/Xlogic/Xlogic/AddOn/Administration/UserDetails/Config/config.ini'; protected $value = '; Configuration file
[AddOn]
name = 'UserDetails'

[Routes]
routes.userDetails.route = Administration/UserDetails/:action
routes.userDetails.defaults.controller = \Xlogic\AddOn\Administration\UserDetails\Controller\UserDetails
routes.userDetails.defaults.action = render'; protected $disabled = TRUE; protected $class = 'admin_config'; protected $dbName = NULL; protected $mandatory = FALSE; protected $regEx = array (); protected $moduleName = 'RouteOverviewForm'; protected $onchange = NULL; protected $events = array (); protected $unique = FALSE; protected $multiple = FALSE; protected $labelLeft = TRUE; protected $dataProvider = NULL; protected $dataProviderName = NULL; protected $toolTip = NULL; protected $group = NULL; protected $colspan = 1; protected $save = TRUE }), 20 => array (2 => class Xlogic\Core\View\Control\Textarea { protected $type = 'textarea'; protected $rows = '6'; protected $cols = '80'; protected $multilineOnMultipleValues = FALSE; protected $label = 'Acl:'; protected $row = 20; protected $col = 2; protected $name = '/var/www/workspace/Xlogic/Xlogic/AddOn/Administration/UserDetails/Config/acl.ini'; protected $value = '; ACL Configuration file
[ADMIN]
UserDetails._all = x
UserDetailsCommonData.Username = r'; protected $disabled = TRUE; protected $class = 'admin_config'; protected $dbName = NULL; protected $mandatory = FALSE; protected $regEx = array (); protected $moduleName = 'RouteOverviewForm'; protected $onchange = NULL; protected $events = array (); protected $unique = FALSE; protected $multiple = FALSE; protected $labelLeft = TRUE; protected $dataProvider = NULL; protected $dataProviderName = NULL; protected $toolTip = NULL; protected $group = NULL; protected $colspan = 1; protected $save = TRUE }), 21 => array (1 => array ('colspan' => 1, 'text' => 'Route: ', 'rowspan' => 1), 2 => array ('colspan' => 1, 'text' => '<a href="http://ubuntu:80/workspace/Xlogic/Administration/UserDetails/">Administration/UserDetails/</a>', 'rowspan' => 1)), 22 => array (1 => array ('colspan' => 1, 'text' => 'Controller: ', 'rowspan' => 1), 2 => array ('colspan' => 1, 'text' => '\Xlogic\AddOn\Administration\UserDetails\Controller\UserDetails', 'rowspan' => 1)), 23 => array (1 => array ('colspan' => 1, 'text' => 'Default action: ', 'rowspan' => 1), 2 => array ('colspan' => 1, 'text' => 'render', 'rowspan' => 1)), 24 => array (1 => array ('colspan' => 2, 'text' => '<hr/>', 'rowspan' => 1)), 25 => array (1 => array ('colspan' => 1, 'text' => 'AddOn:', 'rowspan' => 1), 2 => array ('colspan' => 1, 'text' => '<a name="Xlogic\AddOn\Administration\UserManagement\ChangePwd\AddOn" id="Xlogic\AddOn\Administration\UserManagement\ChangePwd\AddOn">Xlogic\AddOn\Administration\UserManagement\ChangePwd\AddOn[Xlogic/AddOn/Administration/UserManagement/ChangePwd/]</a>', 'rowspan' => 1)), 26 => array (1 => array ('colspan' => 1, 'text' => 'Path to config file: ', 'rowspan' => 1), 2 => array ('colspan' => 1, 'text' => '/var/www/workspace/Xlogic/Xlogic/AddOn/Administration/UserManagement/ChangePwd/Config/', 'rowspan' => 1)), 27 => array (2 => class Xlogic\Core\View\Control\Textarea { protected $type = 'textarea'; protected $rows = '6'; protected $cols = '80'; protected $multilineOnMultipleValues = FALSE; protected $label = 'Config:'; protected $row = 27; protected $col = 2; protected $name = '/var/www/workspace/Xlogic/Xlogic/AddOn/Administration/UserManagement/ChangePwd/Config/config.ini'; protected $value = '; Configuration file
[AddOn]
name = 'ChangePwd'

[Routes]
routes.changepwd.route = Administration/UserManagement/ChangePwd/:action
routes.changepwd.defaults.controller = Xlogic\AddOn\Administration\UserManagement\ChangePwd\Controller\ChangePwd
routes.changepwd.defaults.action = render'; protected $disabled = TRUE; protected $class = 'admin_config'; protected $dbName = NULL; protected $mandatory = FALSE; protected $regEx = array (); protected $moduleName = 'RouteOverviewForm'; protected $onchange = NULL; protected $events = array (); protected $unique = FALSE; protected $multiple = FALSE; protected $labelLeft = TRUE; protected $dataProvider = NULL; protected $dataProviderName = NULL; protected $toolTip = NULL; protected $group = NULL; protected $colspan = 1; protected $save = TRUE }), 28 => array (2 => class Xlogic\Core\View\Control\Textarea { protected $type = 'textarea'; protected $rows = '6'; protected $cols = '80'; protected $multilineOnMultipleValues = FALSE; protected $label = 'Acl:'; protected $row = 28; protected $col = 2; protected $name = '/var/www/workspace/Xlogic/Xlogic/AddOn/Administration/UserManagement/ChangePwd/Config/acl.ini'; protected $value = '; ACL Configuration file
[Public]
ChangePwd._all = rwx
ChangePwd.Profile = rwx
ChangePwdData._all = rwx'; protected $disabled = TRUE; protected $class = 'admin_config'; protected $dbName = NULL; protected $mandatory = FALSE; protected $regEx = array (); protected $moduleName = 'RouteOverviewForm'; protected $onchange = NULL; protected $events = array (); protected $unique = FALSE; protected $multiple = FALSE; protected $labelLeft = TRUE; protected $dataProvider = NULL; protected $dataProviderName = NULL; protected $toolTip = NULL; protected $group = NULL; protected $colspan = 1; protected $save = TRUE }), 29 => array (1 => array ('colspan' => 1, 'text' => 'Route: ', 'rowspan' => 1), 2 => array ('colspan' => 1, 'text' => '<a href="http://ubuntu:80/workspace/Xlogic/Administration/UserManagement/ChangePwd/">Administration/UserManagement/ChangePwd/</a>', 'rowspan' => 1)), 30 => array (1 => array ('colspan' => 1, 'text' => 'Controller: ', 'rowspan' => 1), 2 => array ('colspan' => 1, 'text' => 'Xlogic\AddOn\Administration\UserManagement\ChangePwd\Controller\ChangePwd', 'rowspan' => 1)), 31 => array (1 => array ('colspan' => 1, 'text' => 'Default action: ', 'rowspan' => 1), 2 => array ('colspan' => 1, 'text' => 'render', 'rowspan' => 1)), 32 => array (1 => array ('colspan' => 2, 'text' => '<hr/>', 'rowspan' => 1)), 33 => array (1 => array ('colspan' => 1, 'text' => 'AddOn:', 'rowspan' => 1), 2 => array ('colspan' => 1, 'text' => '<a name="Xlogic\AddOn\Administration\UserManagement\Detail\AddOn" id="Xlogic\AddOn\Administration\UserManagement\Detail\AddOn">Xlogic\AddOn\Administration\UserManagement\Detail\AddOn[Xlogic/AddOn/Administration/UserManagement/Detail/]</a>', 'rowspan' => 1)), 34 => array (1 => array ('colspan' => 1, 'text' => 'Path to config file: ', 'rowspan' => 1), 2 => array ('colspan' => 1, 'text' => '/var/www/workspace/Xlogic/Xlogic/AddOn/Administration/UserManagement/Detail/Config/', 'rowspan' => 1)), 35 => array (2 => class Xlogic\Core\View\Control\Textarea { protected $type = 'textarea'; protected $rows = '6'; protected $cols = '80'; protected $multilineOnMultipleValues = FALSE; protected $label = 'Config:'; protected $row = 35; protected $col = 2; protected $name = '/var/www/workspace/Xlogic/Xlogic/AddOn/Administration/UserManagement/Detail/Config/config.ini'; protected $value = '; Configuration file
[AddOn]
name = 'UserManDetail'

[Routes]
routes.usermandetail.route = Administration/UserManagement/Detail/:action
routes.usermandetail.defaults.controller = \Xlogic\AddOn\Administration\UserManagement\Detail\Controller\UserManDetail
routes.usermandetail.defaults.action = render
'; protected $disabled = TRUE; protected $class = 'admin_config'; protected $dbName = NULL; protected $mandatory = FALSE; protected $regEx = array (); protected $moduleName = 'RouteOverviewForm'; protected $onchange = NULL; protected $events = array (); protected $unique = FALSE; protected $multiple = FALSE; protected $labelLeft = TRUE; protected $dataProvider = NULL; protected $dataProviderName = NULL; protected $toolTip = NULL; protected $group = NULL; protected $colspan = 1; protected $save = TRUE }), 36 => array (2 => class Xlogic\Core\View\Control\Textarea { protected $type = 'textarea'; protected $rows = '6'; protected $cols = '80'; protected $multilineOnMultipleValues = FALSE; protected $label = 'Acl:'; protected $row = 36; protected $col = 2; protected $name = '/var/www/workspace/Xlogic/Xlogic/AddOn/Administration/UserManagement/Detail/Config/acl.ini'; protected $value = '; ACL Configuration file
[ADMIN]
UserManDetail._all = x
UserManDetailCommonData._all = x
UserManDetailDeputies._all = x
UserManDetail.resetPassword = x'; protected $disabled = TRUE; protected $class = 'admin_config'; protected $dbName = NULL; protected $mandatory = FALSE; protected $regEx = array (); protected $moduleName = 'RouteOverviewForm'; protected $onchange = NULL; protected $events = array (); protected $unique = FALSE; protected $multiple = FALSE; protected $labelLeft = TRUE; protected $dataProvider = NULL; protected $dataProviderName = NULL; protected $toolTip = NULL; protected $group = NULL; protected $colspan = 1; protected $save = TRUE }), 37 => array (1 => array ('colspan' => 1, 'text' => 'Route: ', 'rowspan' => 1), 2 => array ('colspan' => 1, 'text' => '<a href="http://ubuntu:80/workspace/Xlogic/Administration/UserManagement/Detail/">Administration/UserManagement/Detail/</a>', 'rowspan' => 1)), 38 => array (1 => array ('colspan' => 1, 'text' => 'Controller: ', 'rowspan' => 1), 2 => array ('colspan' => 1, 'text' => '\Xlogic\AddOn\Administration\UserManagement\Detail\Controller\UserManDetail', 'rowspan' => 1)), 39 => array (1 => array ('colspan' => 1, 'text' => 'Default action: ', 'rowspan' => 1), 2 => array ('colspan' => 1, 'text' => 'render', 'rowspan' => 1)), 40 => array (1 => array ('colspan' => 2, 'text' => '<hr/>', 'rowspan' => 1)), 41 => array (1 => array ('colspan' => 1, 'text' => 'AddOn:', 'rowspan' => 1), 2 => array ('colspan' => 1, 'text' => '<a name="Xlogic\AddOn\Administration\UserManagement\NewObj\AddOn" id="Xlogic\AddOn\Administration\UserManagement\NewObj\AddOn">Xlogic\AddOn\Administration\UserManagement\NewObj\AddOn[Xlogic/AddOn/Administration/UserManagement/NewObj/]</a>', 'rowspan' => 1)), 42 => array (1 => array ('colspan' => 1, 'text' => 'Path to config file: ', 'rowspan' => 1), 2 => array ('colspan' => 1, 'text' => '/var/www/workspace/Xlogic/Xlogic/AddOn/Administration/UserManagement/NewObj/Config/', 'rowspan' => 1)), 43 => array (2 => class Xlogic\Core\View\Control\Textarea { protected $type = 'textarea'; protected $rows = '6'; protected $cols = '80'; protected $multilineOnMultipleValues = FALSE; protected $label = 'Config:'; protected $row = 43; protected $col = 2; protected $name = '/var/www/workspace/Xlogic/Xlogic/AddOn/Administration/UserManagement/NewObj/Config/config.ini'; protected $value = '; Configuration file
[AddOn]
name = 'UserManNewObj'

[Routes]
routes.usermannewobj.route = Administration/UserManagement/NewObj/:action
routes.usermannewobj.defaults.controller = Xlogic\AddOn\Administration\UserManagement\NewObj\Controller\UserManNewObj
routes.usermannewobj.defaults.action = render'; protected $disabled = TRUE; protected $class = 'admin_config'; protected $dbName = NULL; protected $mandatory = FALSE; protected $regEx = array (); protected $moduleName = 'RouteOverviewForm'; protected $onchange = NULL; protected $events = array (); protected $unique = FALSE; protected $multiple = FALSE; protected $labelLeft = TRUE; protected $dataProvider = NULL; protected $dataProviderName = NULL; protected $toolTip = NULL; protected $group = NULL; protected $colspan = 1; protected $save = TRUE }), 44 => array (2 => class Xlogic\Core\View\Control\Textarea { protected $type = 'textarea'; protected $rows = '6'; protected $cols = '80'; protected $multilineOnMultipleValues = FALSE; protected $label = 'Acl:'; protected $row = 44; protected $col = 2; protected $name = '/var/www/workspace/Xlogic/Xlogic/AddOn/Administration/UserManagement/NewObj/Config/acl.ini'; protected $value = '; ACL Configuration file
[ADMIN]
UserManNewObj._all = x
UserManNewObjCommonData._all = x
UserManNewObjDeputies._all = x
'; protected $disabled = TRUE; protected $class = 'admin_config'; protected $dbName = NULL; protected $mandatory = FALSE; protected $regEx = array (); protected $moduleName = 'RouteOverviewForm'; protected $onchange = NULL; protected $events = array (); protected $unique = FALSE; protected $multiple = FALSE; protected $labelLeft = TRUE; protected $dataProvider = NULL; protected $dataProviderName = NULL; protected $toolTip = NULL; protected $group = NULL; protected $colspan = 1; protected $save = TRUE }), 45 => array (1 => array ('colspan' => 1, 'text' => 'Route: ', 'rowspan' => 1), 2 => array ('colspan' => 1, 'text' => '<a href="http://ubuntu:80/workspace/Xlogic/Administration/UserManagement/NewObj/">Administration/UserManagement/NewObj/</a>', 'rowspan' => 1)), 46 => array (1 => array ('colspan' => 1, 'text' => 'Controller: ', 'rowspan' => 1), 2 => array ('colspan' => 1, 'text' => 'Xlogic\AddOn\Administration\UserManagement\NewObj\Controller\UserManNewObj', 'rowspan' => 1)), 47 => array (1 => array ('colspan' => 1, 'text' => 'Default action: ', 'rowspan' => 1), 2 => array ('colspan' => 1, 'text' => 'render', 'rowspan' => 1)), 48 => array (1 => array ('colspan' => 2, 'text' => '<hr/>', 'rowspan' => 1)), 49 => array (1 => array ('colspan' => 1, 'text' => 'AddOn:', 'rowspan' => 1), 2 => array ('colspan' => 1, 'text' => '<a name="Xlogic\AddOn\Administration\UserManagement\Overview\AddOn" id="Xlogic\AddOn\Administration\UserManagement\Overview\AddOn">Xlogic\AddOn\Administration\UserManagement\Overview\AddOn[Xlogic/AddOn/Administration/UserManagement/Overview/]</a>', 'rowspan' => 1)), 50 => array (1 => array ('colspan' => 1, 'text' => 'Path to config file: ', 'rowspan' => 1), 2 => array ('colspan' => 1, 'text' => '/var/www/workspace/Xlogic/Xlogic/AddOn/Administration/UserManagement/Overview/Config/', 'rowspan' => 1)), 51 => array (2 => class Xlogic\Core\View\Control\Textarea { protected $type = 'textarea'; protected $rows = '6'; protected $cols = '80'; protected $multilineOnMultipleValues = FALSE; protected $label = 'Config:'; protected $row = 51; protected $col = 2; protected $name = '/var/www/workspace/Xlogic/Xlogic/AddOn/Administration/UserManagement/Overview/Config/config.ini'; protected $value = '; Configuration file
[AddOn]
name = 'UserManOverview'

[Routes]
routes.usermanoverview.route = Administration/UserManagement/Overview/:action
routes.usermanoverview.defaults.controller = \Xlogic\AddOn\Administration\UserManagement\Overview\Controller\UserManOverview
routes.usermanoverview.defaults.action = render
'; protected $disabled = TRUE; protected $class = 'admin_config'; protected $dbName = NULL; protected $mandatory = FALSE; protected $regEx = array (); protected $moduleName = 'RouteOverviewForm'; protected $onchange = NULL; protected $events = array (); protected $unique = FALSE; protected $multiple = FALSE; protected $labelLeft = TRUE; protected $dataProvider = NULL; protected $dataProviderName = NULL; protected $toolTip = NULL; protected $group = NULL; protected $colspan = 1; protected $save = TRUE }), 52 => array (2 => class Xlogic\Core\View\Control\Textarea { protected $type = 'textarea'; protected $rows = '6'; protected $cols = '80'; protected $multilineOnMultipleValues = FALSE; protected $label = 'Acl:'; protected $row = 52; protected $col = 2; protected $name = '/var/www/workspace/Xlogic/Xlogic/AddOn/Administration/UserManagement/Overview/Config/acl.ini'; protected $value = '; ACL Configuration file
[Admin:MGMT]
[ADMIN:MGMT]
[MGMT]
UserManOverview._all = x
UserManOverviewForm._all  = rw
'; protected $disabled = TRUE; protected $class = 'admin_config'; protected $dbName = NULL; protected $mandatory = FALSE; protected $regEx = array (); protected $moduleName = 'RouteOverviewForm'; protected $onchange = NULL; protected $events = array (); protected $unique = FALSE; protected $multiple = FALSE; protected $labelLeft = TRUE; protected $dataProvider = NULL; protected $dataProviderName = NULL; protected $toolTip = NULL; protected $group = NULL; protected $colspan = 1; protected $save = TRUE }), 53 => array (1 => array ('colspan' => 1, 'text' => 'Route: ', 'rowspan' => 1), 2 => array ('colspan' => 1, 'text' => '<a href="http://ubuntu:80/workspace/Xlogic/Administration/UserManagement/Overview/">Administration/UserManagement/Overview/</a>', 'rowspan' => 1)), 54 => array (1 => array ('colspan' => 1, 'text' => 'Controller: ', 'rowspan' => 1), 2 => array ('colspan' => 1, 'text' => '\Xlogic\AddOn\Administration\UserManagement\Overview\Controller\UserManOverview', 'rowspan' => 1)), 55 => array (1 => array ('colspan' => 1, 'text' => 'Default action: ', 'rowspan' => 1), 2 => array ('colspan' => 1, 'text' => 'render', 'rowspan' => 1)), 56 => array (1 => array ('colspan' => 2, 'text' => '<hr/>', 'rowspan' => 1)), 57 => array (1 => array ('colspan' => 1, 'text' => 'AddOn:', 'rowspan' => 1), 2 => array ('colspan' => 1, 'text' => '<a name="Xlogic\AddOn\Client\Labinal\Administration\FltManagement\Detail\AddOn" id="Xlogic\AddOn\Client\Labinal\Administration\FltManagement\Detail\AddOn">Xlogic\AddOn\Client\Labinal\Administration\FltManagement\Detail\AddOn[Xlogic/AddOn/Client/Labinal/Administration/FltManagement/Detail/]</a>', 'rowspan' => 1)), 58 => array (1 => array ('colspan' => 1, 'text' => 'Path to config file: ', 'rowspan' => 1), 2 => array ('colspan' => 1, 'text' => '/var/www/workspace/Xlogic/Xlogic/AddOn/Client/Labinal/Administration/FltManagement/Detail/Config/', 'rowspan' => 1)), 59 => array (2 => class Xlogic\Core\View\Control\Textarea { protected $type = 'textarea'; protected $rows = '6'; protected $cols = '80'; protected $multilineOnMultipleValues = FALSE; protected $label = 'Config:'; protected $row = 59; protected $col = 2; protected $name = '/var/www/workspace/Xlogic/Xlogic/AddOn/Client/Labinal/Administration/FltManagement/Detail/Config/config.ini'; protected $value = '; Configuration file
[AddOn]
name = 'FltDetail'

[Routes]
routes.fltdetail.route = Administration/FltManagement/Detail/:action
routes.fltdetail.defaults.controller = \Xlogic\AddOn\Client\Labinal\Administration\FltManagement\Detail\Controller\FltDetail
routes.fltdetail.defaults.action = render
'; protected $disabled = TRUE; protected $class = 'admin_config'; protected $dbName = NULL; protected $mandatory = FALSE; protected $regEx = array (); protected $moduleName = 'RouteOverviewForm'; protected $onchange = NULL; protected $events = array (); protected $unique = FALSE; protected $multiple = FALSE; protected $labelLeft = TRUE; protected $dataProvider = NULL; protected $dataProviderName = NULL; protected $toolTip = NULL; protected $group = NULL; protected $colspan = 1; protected $save = TRUE }), 60 => array (2 => class Xlogic\Core\View\Control\Textarea { protected $type = 'textarea'; protected $rows = '6'; protected $cols = '80'; protected $multilineOnMultipleValues = FALSE; protected $label = 'Acl:'; protected $row = 60; protected $col = 2; protected $name = '/var/www/workspace/Xlogic/Xlogic/AddOn/Client/Labinal/Administration/FltManagement/Detail/Config/acl.ini'; protected $value = '; ACL Configuration file
[MGMT]
FltDetail._all = rwx
FltDetail.FltData  = rwx
FltData._all = rwx

'; protected $disabled = TRUE; protected $class = 'admin_config'; protected $dbName = NULL; protected $mandatory = FALSE; protected $regEx = array (); protected $moduleName = 'RouteOverviewForm'; protected $onchange = NULL; protected $events = array (); protected $unique = FALSE; protected $multiple = FALSE; protected $labelLeft = TRUE; protected $dataProvider = NULL; protected $dataProviderName = NULL; protected $toolTip = NULL; protected $group = NULL; protected $colspan = 1; protected $save = TRUE }), 61 => array (1 => array ('colspan' => 1, 'text' => 'Route: ', 'rowspan' => 1), 2 => array ('colspan' => 1, 'text' => '<a href="http://ubuntu:80/workspace/Xlogic/Administration/FltManagement/Detail/">Administration/FltManagement/Detail/</a>', 'rowspan' => 1)), 62 => array (1 => array ('colspan' => 1, 'text' => 'Controller: ', 'rowspan' => 1), 2 => array ('colspan' => 1, 'text' => '\Xlogic\AddOn\Client\Labinal\Administration\FltManagement\Detail\Controller\FltDetail', 'rowspan' => 1)), 63 => array (1 => array ('colspan' => 1, 'text' => 'Default action: ', 'rowspan' => 1), 2 => array ('colspan' => 1, 'text' => 'render', 'rowspan' => 1)), 64 => array (1 => array ('colspan' => 2, 'text' => '<hr/>', 'rowspan' => 1)), 65 => array (1 => array ('colspan' => 1, 'text' => 'AddOn:', 'rowspan' => 1), 2 => array ('colspan' => 1, 'text' => '<a name="Xlogic\AddOn\Client\Labinal\Administration\FltManagement\Overview\AddOn" id="Xlogic\AddOn\Client\Labinal\Administration\FltManagement\Overview\AddOn">Xlogic\AddOn\Client\Labinal\Administration\FltManagement\Overview\AddOn[Xlogic/AddOn/Client/Labinal/Administration/FltManagement/Overview/]</a>', 'rowspan' => 1)), 66 => array (1 => array ('colspan' => 1, 'text' => 'Path to config file: ', 'rowspan' => 1), 2 => array ('colspan' => 1, 'text' => '/var/www/workspace/Xlogic/Xlogic/AddOn/Client/Labinal/Administration/FltManagement/Overview/Config/', 'rowspan' => 1)), 67 => array (2 => class Xlogic\Core\View\Control\Textarea { protected $type = 'textarea'; protected $rows = '6'; protected $cols = '80'; protected $multilineOnMultipleValues = FALSE; protected $label = 'Config:'; protected $row = 67; protected $col = 2; protected $name = '/var/www/workspace/Xlogic/Xlogic/AddOn/Client/Labinal/Administration/FltManagement/Overview/Config/config.ini'; protected $value = '; Configuration file
[AddOn]
name = 'FltManOverview'

[Routes]
routes.fltmanoverview.route = Administration/FltManagement/Overview/:action
routes.fltmanoverview.defaults.controller = \Xlogic\AddOn\Client\Labinal\Administration\FltManagement\Overview\Controller\FltManOverview
routes.fltmanoverview.defaults.action = render
'; protected $disabled = TRUE; protected $class = 'admin_config'; protected $dbName = NULL; protected $mandatory = FALSE; protected $regEx = array (); protected $moduleName = 'RouteOverviewForm'; protected $onchange = NULL; protected $events = array (); protected $unique = FALSE; protected $multiple = FALSE; protected $labelLeft = TRUE; protected $dataProvider = NULL; protected $dataProviderName = NULL; protected $toolTip = NULL; protected $group = NULL; protected $colspan = 1; protected $save = TRUE }), 68 => array (2 => class Xlogic\Core\View\Control\Textarea { protected $type = 'textarea'; protected $rows = '6'; protected $cols = '80'; protected $multilineOnMultipleValues = FALSE; protected $label = 'Acl:'; protected $row = 68; protected $col = 2; protected $name = '/var/www/workspace/Xlogic/Xlogic/AddOn/Client/Labinal/Administration/FltManagement/Overview/Config/acl.ini'; protected $value = '; ACL Configuration file
[Admin:MGMT]
[ADMIN:MGMT]
[MGMT]
FltManOverview._all = x
FltManOverviewForm._all  = rw
'; protected $disabled = TRUE; protected $class = 'admin_config'; protected $dbName = NULL; protected $mandatory = FALSE; protected $regEx = array (); protected $moduleName = 'RouteOverviewForm'; protected $onchange = NULL; protected $events = array (); protected $unique = FALSE; protected $multiple = FALSE; protected $labelLeft = TRUE; protected $dataProvider = NULL; protected $dataProviderName = NULL; protected $toolTip = NULL; protected $group = NULL; protected $colspan = 1; protected $save = TRUE }), 69 => array (1 => array ('colspan' => 1, 'text' => 'Route: ', 'rowspan' => 1), 2 => array ('colspan' => 1, 'text' => '<a href="http://ubuntu:80/workspace/Xlogic/Administration/FltManagement/Overview/">Administration/FltManagement/Overview/</a>', 'rowspan' => 1)), 70 => array (1 => array ('colspan' => 1, 'text' => 'Controller: ', 'rowspan' => 1), 2 => array ('colspan' => 1, 'text' => '\Xlogic\AddOn\Client\Labinal\Administration\FltManagement\Overview\Controller\FltManOverview', 'rowspan' => 1)), 71 => array (1 => array ('colspan' => 1, 'text' => 'Default action: ', 'rowspan' => 1), 2 => array ('colspan' => 1, 'text' => 'render', 'rowspan' => 1)), 72 => array (1 => array ('colspan' => 2, 'text' => '<hr/>', 'rowspan' => 1)), 73 => array (1 => array ('colspan' => 1, 'text' => 'AddOn:', 'rowspan' => 1), 2 => array ('colspan' => 1, 'text' => '<a name="Xlogic\AddOn\Client\Labinal\Dmu\AddDmuOrder\AddOn" id="Xlogic\AddOn\Client\Labinal\Dmu\AddDmuOrder\AddOn">Xlogic\AddOn\Client\Labinal\Dmu\AddDmuOrder\AddOn[Xlogic/AddOn/Client/Labinal/Dmu/AddDmuOrder/]</a>', 'rowspan' => 1)), 74 => array (1 => array ('colspan' => 1, 'text' => 'Path to config file: ', 'rowspan' => 1), 2 => array ('colspan' => 1, 'text' => '/var/www/workspace/Xlogic/Xlogic/AddOn/Client/Labinal/Dmu/AddDmuOrder/Config/', 'rowspan' => 1)), 75 => array (2 => class Xlogic\Core\View\Control\Textarea { protected $type = 'textarea'; protected $rows = '6'; protected $cols = '80'; protected $multilineOnMultipleValues = FALSE; protected $label = 'Config:'; protected $row = 75; protected $col = 2; protected $name = '/var/www/workspace/Xlogic/Xlogic/AddOn/Client/Labinal/Dmu/AddDmuOrder/Config/config.ini'; protected $value = '; Configuration file
[AddOn]
name = 'AddDmuOrder'

[Routes]
routes.adddmuorder.route = Dmu/add/:action
routes.adddmuorder.defaults.controller = \Xlogic\AddOn\Client\Labinal\Dmu\AddDmuOrder\Controller\AddDmuOrder
routes.adddmuorder.defaults.action = render
'; protected $disabled = TRUE; protected $class = 'admin_config'; protected $dbName = NULL; protected $mandatory = FALSE; protected $regEx = array (); protected $moduleName = 'RouteOverviewForm'; protected $onchange = NULL; protected $events = array (); protected $unique = FALSE; protected $multiple = FALSE; protected $labelLeft = TRUE; protected $dataProvider = NULL; protected $dataProviderName = NULL; protected $toolTip = NULL; protected $group = NULL; protected $colspan = 1; protected $save = TRUE }), 76 => array (2 => class Xlogic\Core\View\Control\Textarea { protected $type = 'textarea'; protected $rows = '6'; protected $cols = '80'; protected $multilineOnMultipleValues = FALSE; protected $label = 'Acl:'; protected $row = 76; protected $col = 2; protected $name = '/var/www/workspace/Xlogic/Xlogic/AddOn/Client/Labinal/Dmu/AddDmuOrder/Config/acl.ini'; protected $value = '; ACL Configuration file
[ZL_3D : DMU_READER]
[DESIGNER : DMU_READER]

[DMU_READER]
AddDmuOrder._all = rwx
AddDmuOrder.AddDmuOrderForm = rwx
AddDmuOrderForm._all = rwx'; protected $disabled = TRUE; protected $class = 'admin_config'; protected $dbName = NULL; protected $mandatory = FALSE; protected $regEx = array (); protected $moduleName = 'RouteOverviewForm'; protected $onchange = NULL; protected $events = array (); protected $unique = FALSE; protected $multiple = FALSE; protected $labelLeft = TRUE; protected $dataProvider = NULL; protected $dataProviderName = NULL; protected $toolTip = NULL; protected $group = NULL; protected $colspan = 1; protected $save = TRUE }), 77 => array (1 => array ('colspan' => 1, 'text' => 'Route: ', 'rowspan' => 1), 2 => array ('colspan' => 1, 'text' => '<a href="http://ubuntu:80/workspace/Xlogic/Dmu/add/">Dmu/add/</a>', 'rowspan' => 1)), 78 => array (1 => array ('colspan' => 1, 'text' => 'Controller: ', 'rowspan' => 1), 2 => array ('colspan' => 1, 'text' => '\Xlogic\AddOn\Client\Labinal\Dmu\AddDmuOrder\Controller\AddDmuOrder', 'rowspan' => 1)), 79 => array (1 => array ('colspan' => 1, 'text' => 'Default action: ', 'rowspan' => 1), 2 => array ('colspan' => 1, 'text' => 'render', 'rowspan' => 1)), 80 => array (1 => array ('colspan' => 2, 'text' => '<hr/>', 'rowspan' => 1)), 81 => array (1 => array ('colspan' => 1, 'text' => 'AddOn:', 'rowspan' => 1), 2 => array ('colspan' => 1, 'text' => '<a name="Xlogic\AddOn\Client\Labinal\Dmu\Detail\AddOn" id="Xlogic\AddOn\Client\Labinal\Dmu\Detail\AddOn">Xlogic\AddOn\Client\Labinal\Dmu\Detail\AddOn[Xlogic/AddOn/Client/Labinal/Dmu/Detail/]</a>', 'rowspan' => 1)), 82 => array (1 => array ('colspan' => 1, 'text' => 'Path to config file: ', 'rowspan' => 1), 2 => array ('colspan' => 1, 'text' => '/var/www/workspace/Xlogic/Xlogic/AddOn/Client/Labinal/Dmu/Detail/Config/', 'rowspan' => 1)), 83 => array (2 => class Xlogic\Core\View\Control\Textarea { protected $type = 'textarea'; protected $rows = '6'; protected $cols = '80'; protected $multilineOnMultipleValues = FALSE; protected $label = 'Config:'; protected $row = 83; protected $col = 2; protected $name = '/var/www/workspace/Xlogic/Xlogic/AddOn/Client/Labinal/Dmu/Detail/Config/config.ini'; protected $value = '; Configuration file
[AddOn]
name = 'DmuDetail'

[Routes]
routes.detail.route = Dmu/Detail/:action
routes.detail.defaults.controller = \Xlogic\AddOn\Client\Labinal\Dmu\Detail\Controller\DmuDetail
routes.detail.defaults.action = render
'; protected $disabled = TRUE; protected $class = 'admin_config'; protected $dbName = NULL; protected $mandatory = FALSE; protected $regEx = array (); protected $moduleName = 'RouteOverviewForm'; protected $onchange = NULL; protected $events = array (); protected $unique = FALSE; protected $multiple = FALSE; protected $labelLeft = TRUE; protected $dataProvider = NULL; protected $dataProviderName = NULL; protected $toolTip = NULL; protected $group = NULL; protected $colspan = 1; protected $save = TRUE }), 84 => array (2 => class Xlogic\Core\View\Control\Textarea { protected $type = 'textarea'; protected $rows = '6'; protected $cols = '80'; protected $multilineOnMultipleValues = FALSE; protected $label = 'Acl:'; protected $row = 84; protected $col = 2; protected $name = '/var/www/workspace/Xlogic/Xlogic/AddOn/Client/Labinal/Dmu/Detail/Config/acl.ini'; protected $value = '; ACL Configuration file
[ZL_3D : DMU_READER]
[DESIGNER : DMU_READER]

[DMU_READER]
DmuDetail._all = rwx
DmuDetail.DmuData = rwx
DmuData._all = rwx
DmuDetail.toggleIssueLock = rwx'; protected $disabled = TRUE; protected $class = 'admin_config'; protected $dbName = NULL; protected $mandatory = FALSE; protected $regEx = array (); protected $moduleName = 'RouteOverviewForm'; protected $onchange = NULL; protected $events = array (); protected $unique = FALSE; protected $multiple = FALSE; protected $labelLeft = TRUE; protected $dataProvider = NULL; protected $dataProviderName = NULL; protected $toolTip = NULL; protected $group = NULL; protected $colspan = 1; protected $save = TRUE }), 85 => array (1 => array ('colspan' => 1, 'text' => 'Route: ', 'rowspan' => 1), 2 => array ('colspan' => 1, 'text' => '<a href="http://ubuntu:80/workspace/Xlogic/Dmu/Detail/">Dmu/Detail/</a>', 'rowspan' => 1)), 86 => array (1 => array ('colspan' => 1, 'text' => 'Controller: ', 'rowspan' => 1), 2 => array ('colspan' => 1, 'text' => '\Xlogic\AddOn\Client\Labinal\Dmu\Detail\Controller\DmuDetail', 'rowspan' => 1)), 87 => array (1 => array ('colspan' => 1, 'text' => 'Default action: ', 'rowspan' => 1), 2 => array ('colspan' => 1, 'text' => 'render', 'rowspan' => 1)), 88 => array (1 => array ('colspan' => 2, 'text' => '<hr/>', 'rowspan' => 1)), 89 => array (1 => array ('colspan' => 1, 'text' => 'AddOn:', 'rowspan' => 1), 2 => array ('colspan' => 1, 'text' => '<a name="Xlogic\AddOn\Client\Labinal\Dmu\DRPUpload\AddOn" id="Xlogic\AddOn\Client\Labinal\Dmu\DRPUpload\AddOn">Xlogic\AddOn\Client\Labinal\Dmu\DRPUpload\AddOn[Xlogic/AddOn/Client/Labinal/Dmu/DRPUpload/]</a>', 'rowspan' => 1)), 90 => array (1 => array ('colspan' => 1, 'text' => 'Path to config file: ', 'rowspan' => 1), 2 => array ('colspan' => 1, 'text' => '/var/www/workspace/Xlogic/Xlogic/AddOn/Client/Labinal/Dmu/DRPUpload/Config/', 'rowspan' => 1)), 91 => array (2 => class Xlogic\Core\View\Control\Textarea { protected $type = 'textarea'; protected $rows = '6'; protected $cols = '80'; protected $multilineOnMultipleValues = FALSE; protected $label = 'Config:'; protected $row = 91; protected $col = 2; protected $name = '/var/www/workspace/Xlogic/Xlogic/AddOn/Client/Labinal/Dmu/DRPUpload/Config/config.ini'; protected $value = '; Configuration file
[AddOn]
name = 'DRPUpload'

[Routes]
routes.drpupload.route = Dmu/DRPUpload/:action
routes.drpupload.defaults.controller = \Xlogic\AddOn\Client\Labinal\Dmu\DRPUpload\Controller\DRPUpload
routes.drpupload.defaults.action = render

routes.drpuploadlog.route = Dmu/DRPUploadLog/:action
routes.drpuploadlog.defaults.controller = \Xlogic\AddOn\Client\Labinal\Dmu\DRPUpload\Controller\DRPUploadLog
routes.drpuploadlog.defaults.action = render'; protected $disabled = TRUE; protected $class = 'admin_config'; protected $dbName = NULL; protected $mandatory = FALSE; protected $regEx = array (); protected $moduleName = 'RouteOverviewForm'; protected $onchange = NULL; protected $events = array (); protected $unique = FALSE; protected $multiple = FALSE; protected $labelLeft = TRUE; protected $dataProvider = NULL; protected $dataProviderName = NULL; protected $toolTip = NULL; protected $group = NULL; protected $colspan = 1; protected $save = TRUE }), 92 => array (2 => class Xlogic\Core\View\Control\Textarea { protected $type = 'textarea'; protected $rows = '6'; protected $cols = '80'; protected $multilineOnMultipleValues = FALSE; protected $label = 'Acl:'; protected $row = 92; protected $col = 2; protected $name = '/var/www/workspace/Xlogic/Xlogic/AddOn/Client/Labinal/Dmu/DRPUpload/Config/acl.ini'; protected $value = '; ACL Configuration file
[FLOW_MGMT]
DRPUpload.upload = x
DRPUpload.reload = x
DRPUpload.render = x
DRPUploadModule._all  = rw
DRPUploadModule._all  = rw
DRPUploadLog._all  = x
[Public]
DRPUpload.getUploadProgress = x'; protected $disabled = TRUE; protected $class = 'admin_config'; protected $dbName = NULL; protected $mandatory = FALSE; protected $regEx = array (); protected $moduleName = 'RouteOverviewForm'; protected $onchange = NULL; protected $events = array (); protected $unique = FALSE; protected $multiple = FALSE; protected $labelLeft = TRUE; protected $dataProvider = NULL; protected $dataProviderName = NULL; protected $toolTip = NULL; protected $group = NULL; protected $colspan = 1; protected $save = TRUE }), 93 => array (1 => array ('colspan' => 1, 'text' => 'Route: ', 'rowspan' => 1), 2 => array ('colspan' => 1, 'text' => '<a href="http://ubuntu:80/workspace/Xlogic/Dmu/DRPUpload/">Dmu/DRPUpload/</a>', 'rowspan' => 1)), 94 => array (1 => array ('colspan' => 1, 'text' => 'Controller: ', 'rowspan' => 1), 2 => array ('colspan' => 1, 'text' => '\Xlogic\AddOn\Client\Labinal\Dmu\DRPUpload\Controller\DRPUpload', 'rowspan' => 1)), 95 => array (1 => array ('colspan' => 1, 'text' => 'Default action: ', 'rowspan' => 1), 2 => array ('colspan' => 1, 'text' => 'render', 'rowspan' => 1)), 96 => array (1 => array ('colspan' => 1, 'text' => 'Route: ', 'rowspan' => 1), 2 => array ('colspan' => 1, 'text' => '<a href="http://ubuntu:80/workspace/Xlogic/Dmu/DRPUploadLog/">Dmu/DRPUploadLog/</a>', 'rowspan' => 1)), 97 => array (1 => array ('colspan' => 1, 'text' => 'Controller: ', 'rowspan' => 1), 2 => array ('colspan' => 1, 'text' => '\Xlogic\AddOn\Client\Labinal\Dmu\DRPUpload\Controller\DRPUploadLog', 'rowspan' => 1)), 98 => array (1 => array ('colspan' => 1, 'text' => 'Default action: ', 'rowspan' => 1), 2 => array ('colspan' => 1, 'text' => 'render', 'rowspan' => 1)), 99 => array (1 => array ('colspan' => 2, 'text' => '<hr/>', 'rowspan' => 1)), 100 => array (1 => array ('colspan' => 1, 'text' => 'AddOn:', 'rowspan' => 1), 2 => array ('colspan' => 1, 'text' => '<a name="Xlogic\AddOn\Client\Labinal\Dmu\Finish\AddOn" id="Xlogic\AddOn\Client\Labinal\Dmu\Finish\AddOn">Xlogic\AddOn\Client\Labinal\Dmu\Finish\AddOn[Xlogic/AddOn/Client/Labinal/Dmu/Finish/]</a>', 'rowspan' => 1)), 101 => array (1 => array ('colspan' => 1, 'text' => 'Path to config file: ', 'rowspan' => 1), 2 => array ('colspan' => 1, 'text' => '/var/www/workspace/Xlogic/Xlogic/AddOn/Client/Labinal/Dmu/Finish/Config/', 'rowspan' => 1)), 102 => array (2 => class Xlogic\Core\View\Control\Textarea { protected $type = 'textarea'; protected $rows = '6'; protected $cols = '80'; protected $multilineOnMultipleValues = FALSE; protected $label = 'Config:'; protected $row = 102; protected $col = 2; protected $name = '/var/www/workspace/Xlogic/Xlogic/AddOn/Client/Labinal/Dmu/Finish/Config/config.ini'; protected $value = '; Configuration file
[AddOn]
name = 'DmuFinish'

[Routes]
routes.dmufinish.route = Dmu/Finish/:action
routes.dmufinish.defaults.controller = \Xlogic\AddOn\Client\Labinal\Dmu\Finish\Controller\DmuFinish
routes.dmufinish.defaults.action = render
'; protected $disabled = TRUE; protected $class = 'admin_config'; protected $dbName = NULL; protected $mandatory = FALSE; protected $regEx = array (); protected $moduleName = 'RouteOverviewForm'; protected $onchange = NULL; protected $events = array (); protected $unique = FALSE; protected $multiple = FALSE; protected $labelLeft = TRUE; protected $dataProvider = NULL; protected $dataProviderName = NULL; protected $toolTip = NULL; protected $group = NULL; protected $colspan = 1; protected $save = TRUE }), 103 => array (2 => class Xlogic\Core\View\Control\Textarea { protected $type = 'textarea'; protected $rows = '6'; protected $cols = '80'; protected $multilineOnMultipleValues = FALSE; protected $label = 'Acl:'; protected $row = 103; protected $col = 2; protected $name = '/var/www/workspace/Xlogic/Xlogic/AddOn/Client/Labinal/Dmu/Finish/Config/acl.ini'; protected $value = '; ACL Configuration file
[ZL_3D : DMU_READER]
[DESIGNER : DMU_READER]

[DMU_READER]
DmuFinish._all = x
FinishForm.Status = r
FinishForm.NewStatus = rw '; protected $disabled = TRUE; protected $class = 'admin_config'; protected $dbName = NULL; protected $mandatory = FALSE; protected $regEx = array (); protected $moduleName = 'RouteOverviewForm'; protected $onchange = NULL; protected $events = array (); protected $unique = FALSE; protected $multiple = FALSE; protected $labelLeft = TRUE; protected $dataProvider = NULL; protected $dataProviderName = NULL; protected $toolTip = NULL; protected $group = NULL; protected $colspan = 1; protected $save = TRUE }), 104 => array (1 => array ('colspan' => 1, 'text' => 'Route: ', 'rowspan' => 1), 2 => array ('colspan' => 1, 'text' => '<a href="http://ubuntu:80/workspace/Xlogic/Dmu/Finish/">Dmu/Finish/</a>', 'rowspan' => 1)), 105 => array (1 => array ('colspan' => 1, 'text' => 'Controller: ', 'rowspan' => 1), 2 => array ('colspan' => 1, 'text' => '\Xlogic\AddOn\Client\Labinal\Dmu\Finish\Controller\DmuFinish', 'rowspan' => 1)), 106 => array (1 => array ('colspan' => 1, 'text' => 'Default action: ', 'rowspan' => 1), 2 => array ('colspan' => 1, 'text' => 'render', 'rowspan' => 1)), 107 => array (1 => array ('colspan' => 2, 'text' => '<hr/>', 'rowspan' => 1)), 108 => array (1 => array ('colspan' => 1, 'text' => 'AddOn:', 'rowspan' => 1), 2 => array ('colspan' => 1, 'text' => '<a name="Xlogic\AddOn\Client\Labinal\Dmu\Overview\AddOn" id="Xlogic\AddOn\Client\Labinal\Dmu\Overview\AddOn">Xlogic\AddOn\Client\Labinal\Dmu\Overview\AddOn[Xlogic/AddOn/Client/Labinal/Dmu/Overview/]</a>', 'rowspan' => 1)), 109 => array (1 => array ('colspan' => 1, 'text' => 'Path to config file: ', 'rowspan' => 1), 2 => array ('colspan' => 1, 'text' => '/var/www/workspace/Xlogic/Xlogic/AddOn/Client/Labinal/Dmu/Overview/Config/', 'rowspan' => 1)), 110 => array (2 => class Xlogic\Core\View\Control\Textarea { protected $type = 'textarea'; protected $rows = '6'; protected $cols = '80'; protected $multilineOnMultipleValues = FALSE; protected $label = 'Config:'; protected $row = 110; protected $col = 2; protected $name = '/var/www/workspace/Xlogic/Xlogic/AddOn/Client/Labinal/Dmu/Overview/Config/config.ini'; protected $value = '; Configuration file
[AddOn]
name = 'DmuOverview'

[Routes]
routes.dmuoverview.route = Dmu/Overview/:action
routes.dmuoverview.defaults.controller = \Xlogic\AddOn\Client\Labinal\Dmu\Overview\Controller\DmuOverview
routes.dmuoverview.defaults.action = render
'; protected $disabled = TRUE; protected $class = 'admin_config'; protected $dbName = NULL; protected $mandatory = FALSE; protected $regEx = array (); protected $moduleName = 'RouteOverviewForm'; protected $onchange = NULL; protected $events = array (); protected $unique = FALSE; protected $multiple = FALSE; protected $labelLeft = TRUE; protected $dataProvider = NULL; protected $dataProviderName = NULL; protected $toolTip = NULL; protected $group = NULL; protected $colspan = 1; protected $save = TRUE }), 111 => array (2 => class Xlogic\Core\View\Control\Textarea { protected $type = 'textarea'; protected $rows = '6'; protected $cols = '80'; protected $multilineOnMultipleValues = FALSE; protected $label = 'Acl:'; protected $row = 111; protected $col = 2; protected $name = '/var/www/workspace/Xlogic/Xlogic/AddOn/Client/Labinal/Dmu/Overview/Config/acl.ini'; protected $value = '; ACL Configuration file
[ZL_3D : DMU_READER]
[DESIGNER : DMU_READER]

[DMU_READER]
DmuOverview._all = x
DmuOverviewForm._all  = rw
'; protected $disabled = TRUE; protected $class = 'admin_config'; protected $dbName = NULL; protected $mandatory = FALSE; protected $regEx = array (); protected $moduleName = 'RouteOverviewForm'; protected $onchange = NULL; protected $events = array (); protected $unique = FALSE; protected $multiple = FALSE; protected $labelLeft = TRUE; protected $dataProvider = NULL; protected $dataProviderName = NULL; protected $toolTip = NULL; protected $group = NULL; protected $colspan = 1; protected $save = TRUE }), 112 => array (1 => array ('colspan' => 1, 'text' => 'Route: ', 'rowspan' => 1), 2 => array ('colspan' => 1, 'text' => '<a href="http://ubuntu:80/workspace/Xlogic/Dmu/Overview/">Dmu/Overview/</a>', 'rowspan' => 1)), 113 => array (1 => array ('colspan' => 1, 'text' => 'Controller: ', 'rowspan' => 1), 2 => array ('colspan' => 1, 'text' => '\Xlogic\AddOn\Client\Labinal\Dmu\Overview\Controller\DmuOverview', 'rowspan' => 1)), 114 => array (1 => array ('colspan' => 1, 'text' => 'Default action: ', 'rowspan' => 1), 2 => array ('colspan' => 1, 'text' => 'render', 'rowspan' => 1)), 115 => array (1 => array ('colspan' => 2, 'text' => '<hr/>', 'rowspan' => 1)), 116 => array (1 => array ('colspan' => 1, 'text' => 'AddOn:', 'rowspan' => 1), 2 => array ('colspan' => 1, 'text' => '<a name="Xlogic\AddOn\Client\Labinal\Dmu\TreatmentOverview\AddOn" id="Xlogic\AddOn\Client\Labinal\Dmu\TreatmentOverview\AddOn">Xlogic\AddOn\Client\Labinal\Dmu\TreatmentOverview\AddOn[Xlogic/AddOn/Client/Labinal/Dmu/TreatmentOverview/]</a>', 'rowspan' => 1)), 117 => array (1 => array ('colspan' => 1, 'text' => 'Path to config file: ', 'rowspan' => 1), 2 => array ('colspan' => 1, 'text' => '/var/www/workspace/Xlogic/Xlogic/AddOn/Client/Labinal/Dmu/TreatmentOverview/Config/', 'rowspan' => 1)), 118 => array (2 => class Xlogic\Core\View\Control\Textarea { protected $type = 'textarea'; protected $rows = '6'; protected $cols = '80'; protected $multilineOnMultipleValues = FALSE; protected $label = 'Config:'; protected $row = 118; protected $col = 2; protected $name = '/var/www/workspace/Xlogic/Xlogic/AddOn/Client/Labinal/Dmu/TreatmentOverview/Config/config.ini'; protected $value = '; Configuration file
[AddOn]
name = 'TreatmentOverview'

[Routes]
routes.treatmentoverview.route = Dmu/TreatmentOverview/:action
routes.treatmentoverview.defaults.controller = \Xlogic\AddOn\Client\Labinal\Dmu\TreatmentOverview\Controller\TreatmentOverview
routes.treatmentoverview.defaults.action = render
'; protected $disabled = TRUE; protected $class = 'admin_config'; protected $dbName = NULL; protected $mandatory = FALSE; protected $regEx = array (); protected $moduleName = 'RouteOverviewForm'; protected $onchange = NULL; protected $events = array (); protected $unique = FALSE; protected $multiple = FALSE; protected $labelLeft = TRUE; protected $dataProvider = NULL; protected $dataProviderName = NULL; protected $toolTip = NULL; protected $group = NULL; protected $colspan = 1; protected $save = TRUE }), 119 => array (2 => class Xlogic\Core\View\Control\Textarea { protected $type = 'textarea'; protected $rows = '6'; protected $cols = '80'; protected $multilineOnMultipleValues = FALSE; protected $label = 'Acl:'; protected $row = 119; protected $col = 2; protected $name = '/var/www/workspace/Xlogic/Xlogic/AddOn/Client/Labinal/Dmu/TreatmentOverview/Config/acl.ini'; protected $value = '; ACL Configuration file
[ZL_3D : DMU_READER]
[DESIGNER : DMU_READER]

[DMU_READER]
TreatmentOverview._all = x
TreatmentOverviewList._all = rwx

'; protected $disabled = TRUE; protected $class = 'admin_config'; protected $dbName = NULL; protected $mandatory = FALSE; protected $regEx = array (); protected $moduleName = 'RouteOverviewForm'; protected $onchange = NULL; protected $events = array (); protected $unique = FALSE; protected $multiple = FALSE; protected $labelLeft = TRUE; protected $dataProvider = NULL; protected $dataProviderName = NULL; protected $toolTip = NULL; protected $group = NULL; protected $colspan = 1; protected $save = TRUE }), 120 => array (1 => array ('colspan' => 1, 'text' => 'Route: ', 'rowspan' => 1), 2 => array ('colspan' => 1, 'text' => '<a href="http://ubuntu:80/workspace/Xlogic/Dmu/TreatmentOverview/">Dmu/TreatmentOverview/</a>', 'rowspan' => 1)), 121 => array (1 => array ('colspan' => 1, 'text' => 'Controller: ', 'rowspan' => 1), 2 => array ('colspan' => 1, 'text' => '\Xlogic\AddOn\Client\Labinal\Dmu\TreatmentOverview\Controller\TreatmentOverview', 'rowspan' => 1)), 122 => array (1 => array ('colspan' => 1, 'text' => 'Default action: ', 'rowspan' => 1), 2 => array ('colspan' => 1, 'text' => 'render', 'rowspan' => 1)), 123 => array (1 => array ('colspan' => 2, 'text' => '<hr/>', 'rowspan' => 1)), 124 => array (1 => array ('colspan' => 1, 'text' => 'AddOn:', 'rowspan' => 1), 2 => array ('colspan' => 1, 'text' => '<a name="Xlogic\AddOn\Client\Labinal\Dmu\TreatmentUpload\AddOn" id="Xlogic\AddOn\Client\Labinal\Dmu\TreatmentUpload\AddOn">Xlogic\AddOn\Client\Labinal\Dmu\TreatmentUpload\AddOn[Xlogic/AddOn/Client/Labinal/Dmu/TreatmentUpload/]</a>', 'rowspan' => 1)), 125 => array (1 => array ('colspan' => 1, 'text' => 'Path to config file: ', 'rowspan' => 1), 2 => array ('colspan' => 1, 'text' => '/var/www/workspace/Xlogic/Xlogic/AddOn/Client/Labinal/Dmu/TreatmentUpload/Config/', 'rowspan' => 1)), 126 => array (2 => class Xlogic\Core\View\Control\Textarea { protected $type = 'textarea'; protected $rows = '6'; protected $cols = '80'; protected $multilineOnMultipleValues = FALSE; protected $label = 'Config:'; protected $row = 126; protected $col = 2; protected $name = '/var/www/workspace/Xlogic/Xlogic/AddOn/Client/Labinal/Dmu/TreatmentUpload/Config/config.ini'; protected $value = '; Configuration file
[AddOn]
name = 'TreatmentUpload'

[Routes]
routes.treatmentupload.route = Dmu/TreatmentUpload/:action
routes.treatmentupload.defaults.controller = \Xlogic\AddOn\Client\Labinal\Dmu\TreatmentUpload\Controller\TreatmentUpload
routes.treatmentupload.defaults.action = render

routes.treatmentuploadlog.route = Dmu/TreatmentUploadLog/:action
routes.treatmentuploadlog.defaults.controller = \Xlogic\AddOn\Client\Labinal\Dmu\TreatmentUpload\Controller\TreatmentUploadLog
routes.treatmentuploadlog.defaults.action = render'; protected $disabled = TRUE; protected $class = 'admin_config'; protected $dbName = NULL; protected $mandatory = FALSE; protected $regEx = array (); protected $moduleName = 'RouteOverviewForm'; protected $onchange = NULL; protected $events = array (); protected $unique = FALSE; protected $multiple = FALSE; protected $labelLeft = TRUE; protected $dataProvider = NULL; protected $dataProviderName = NULL; protected $toolTip = NULL; protected $group = NULL; protected $colspan = 1; protected $save = TRUE }), 127 => array (2 => class Xlogic\Core\View\Control\Textarea { protected $type = 'textarea'; protected $rows = '6'; protected $cols = '80'; protected $multilineOnMultipleValues = FALSE; protected $label = 'Acl:'; protected $row = 127; protected $col = 2; protected $name = '/var/www/workspace/Xlogic/Xlogic/AddOn/Client/Labinal/Dmu/TreatmentUpload/Config/acl.ini'; protected $value = '; ACL Configuration file
[FLOW_MGMT]
TreatmentUpload.upload = x
TreatmentUpload.saveTr = x
TreatmentUpload.reload = x
TreatmentUpload.render = x
TreatmentUploadModule._all  = rw
TreatmentUploadModule._all  = rw
TreatmentUploadLog._all  = x
[Public]
TreatmentUpload.getUploadProgress = x'; protected $disabled = TRUE; protected $class = 'admin_config'; protected $dbName = NULL; protected $mandatory = FALSE; protected $regEx = array (); protected $moduleName = 'RouteOverviewForm'; protected $onchange = NULL; protected $events = array (); protected $unique = FALSE; protected $multiple = FALSE; protected $labelLeft = TRUE; protected $dataProvider = NULL; protected $dataProviderName = NULL; protected $toolTip = NULL; protected $group = NULL; protected $colspan = 1; protected $save = TRUE }), 128 => array (1 => array ('colspan' => 1, 'text' => 'Route: ', 'rowspan' => 1), 2 => array ('colspan' => 1, 'text' => '<a href="http://ubuntu:80/workspace/Xlogic/Dmu/TreatmentUpload/">Dmu/TreatmentUpload/</a>', 'rowspan' => 1)), 129 => array (1 => array ('colspan' => 1, 'text' => 'Controller: ', 'rowspan' => 1), 2 => array ('colspan' => 1, 'text' => '\Xlogic\AddOn\Client\Labinal\Dmu\TreatmentUpload\Controller\TreatmentUpload', 'rowspan' => 1)), 130 => array (1 => array ('colspan' => 1, 'text' => 'Default action: ', 'rowspan' => 1), 2 => array ('colspan' => 1, 'text' => 'render', 'rowspan' => 1)), 131 => array (1 => array ('colspan' => 1, 'text' => 'Route: ', 'rowspan' => 1), 2 => array ('colspan' => 1, 'text' => '<a href="http://ubuntu:80/workspace/Xlogic/Dmu/TreatmentUploadLog/">Dmu/TreatmentUploadLog/</a>', 'rowspan' => 1)), 132 => array (1 => array ('colspan' => 1, 'text' => 'Controller: ', 'rowspan' => 1), 2 => array ('colspan' => 1, 'text' => '\Xlogic\AddOn\Client\Labinal\Dmu\TreatmentUpload\Controller\TreatmentUploadLog', 'rowspan' => 1)), 133 => array (1 => array ('colspan' => 1, 'text' => 'Default action: ', 'rowspan' => 1), 2 => array ('colspan' => 1, 'text' => 'render', 'rowspan' => 1)), 134 => array (1 => array ('colspan' => 2, 'text' => '<hr/>', 'rowspan' => 1)), 135 => array (1 => array ('colspan' => 1, 'text' => 'AddOn:', 'rowspan' => 1), 2 => array ('colspan' => 1, 'text' => '<a name="Xlogic\AddOn\Client\Labinal\Dmu\WeeklyPlanning\AddOn" id="Xlogic\AddOn\Client\Labinal\Dmu\WeeklyPlanning\AddOn">Xlogic\AddOn\Client\Labinal\Dmu\WeeklyPlanning\AddOn[Xlogic/AddOn/Client/Labinal/Dmu/WeeklyPlanning/]</a>', 'rowspan' => 1)), 136 => array (1 => array ('colspan' => 1, 'text' => 'Path to config file: ', 'rowspan' => 1), 2 => array ('colspan' => 1, 'text' => '/var/www/workspace/Xlogic/Xlogic/AddOn/Client/Labinal/Dmu/WeeklyPlanning/Config/', 'rowspan' => 1)), 137 => array (2 => class Xlogic\Core\View\Control\Textarea { protected $type = 'textarea'; protected $rows = '6'; protected $cols = '80'; protected $multilineOnMultipleValues = FALSE; protected $label = 'Config:'; protected $row = 137; protected $col = 2; protected $name = '/var/www/workspace/Xlogic/Xlogic/AddOn/Client/Labinal/Dmu/WeeklyPlanning/Config/config.ini'; protected $value = '; Configuration file
[AddOn]
name = 'WeeklyPlanning'

[Routes]
routes.weeklyplanning.route = Dmu/WeeklyPlanning/:action
routes.weeklyplanning.defaults.controller = \Xlogic\AddOn\Client\Labinal\Dmu\WeeklyPlanning\Controller\WeeklyPlanning
routes.weeklyplanning.defaults.action = render'; protected $disabled = TRUE; protected $class = 'admin_config'; protected $dbName = NULL; protected $mandatory = FALSE; protected $regEx = array (); protected $moduleName = 'RouteOverviewForm'; protected $onchange = NULL; protected $events = array (); protected $unique = FALSE; protected $multiple = FALSE; protected $labelLeft = TRUE; protected $dataProvider = NULL; protected $dataProviderName = NULL; protected $toolTip = NULL; protected $group = NULL; protected $colspan = 1; protected $save = TRUE }), 138 => array (2 => class Xlogic\Core\View\Control\Textarea { protected $type = 'textarea'; protected $rows = '6'; protected $cols = '80'; protected $multilineOnMultipleValues = FALSE; protected $label = 'Acl:'; protected $row = 138; protected $col = 2; protected $name = '/var/www/workspace/Xlogic/Xlogic/AddOn/Client/Labinal/Dmu/WeeklyPlanning/Config/acl.ini'; protected $value = '; ACL Configuration file
[ZL_3D]
WeeklyPlanning._all = x'; protected $disabled = TRUE; protected $class = 'admin_config'; protected $dbName = NULL; protected $mandatory = FALSE; protected $regEx = array (); protected $moduleName = 'RouteOverviewForm'; protected $onchange = NULL; protected $events = array (); protected $unique = FALSE; protected $multiple = FALSE; protected $labelLeft = TRUE; protected $dataProvider = NULL; protected $dataProviderName = NULL; protected $toolTip = NULL; protected $group = NULL; protected $colspan = 1; protected $save = TRUE }), 139 => array (1 => array ('colspan' => 1, 'text' => 'Route: ', 'rowspan' => 1), 2 => array ('colspan' => 1, 'text' => '<a href="http://ubuntu:80/workspace/Xlogic/Dmu/WeeklyPlanning/">Dmu/WeeklyPlanning/</a>', 'rowspan' => 1)), 140 => array (1 => array ('colspan' => 1, 'text' => 'Controller: ', 'rowspan' => 1), 2 => array ('colspan' => 1, 'text' => '\Xlogic\AddOn\Client\Labinal\Dmu\WeeklyPlanning\Controller\WeeklyPlanning', 'rowspan' => 1)), 141 => array (1 => array ('colspan' => 1, 'text' => 'Default action: ', 'rowspan' => 1), 2 => array ('colspan' => 1, 'text' => 'render', 'rowspan' => 1)), 142 => array (1 => array ('colspan' => 2, 'text' => '<hr/>', 'rowspan' => 1)), 143 => array (1 => array ('colspan' => 1, 'text' => 'AddOn:', 'rowspan' => 1), 2 => array ('colspan' => 1, 'text' => '<a name="Xlogic\AddOn\Client\Labinal\Dmu\Workflow\AddOn" id="Xlogic\AddOn\Client\Labinal\Dmu\Workflow\AddOn">Xlogic\AddOn\Client\Labinal\Dmu\Workflow\AddOn[Xlogic/AddOn/Client/Labinal/Dmu/Workflow/]</a>', 'rowspan' => 1)), 144 => array (1 => array ('colspan' => 1, 'text' => 'Path to config file: ', 'rowspan' => 1), 2 => array ('colspan' => 1, 'text' => '/var/www/workspace/Xlogic/Xlogic/AddOn/Client/Labinal/Dmu/Workflow/Config/', 'rowspan' => 1)), 145 => array (2 => class Xlogic\Core\View\Control\Textarea { protected $type = 'textarea'; protected $rows = '6'; protected $cols = '80'; protected $multilineOnMultipleValues = FALSE; protected $label = 'Config:'; protected $row = 145; protected $col = 2; protected $name = '/var/www/workspace/Xlogic/Xlogic/AddOn/Client/Labinal/Dmu/Workflow/Config/config.ini'; protected $value = '; Configuration file
[AddOn]
name = 'DmuWorkflow'
[Routes]'; protected $disabled = TRUE; protected $class = 'admin_config'; protected $dbName = NULL; protected $mandatory = FALSE; protected $regEx = array (); protected $moduleName = 'RouteOverviewForm'; protected $onchange = NULL; protected $events = array (); protected $unique = FALSE; protected $multiple = FALSE; protected $labelLeft = TRUE; protected $dataProvider = NULL; protected $dataProviderName = NULL; protected $toolTip = NULL; protected $group = NULL; protected $colspan = 1; protected $save = TRUE }), 146 => array (2 => class Xlogic\Core\View\Control\Textarea { protected $type = 'textarea'; protected $rows = '6'; protected $cols = '80'; protected $multilineOnMultipleValues = FALSE; protected $label = 'Acl:'; protected $row = 146; protected $col = 2; protected $name = '/var/www/workspace/Xlogic/Xlogic/AddOn/Client/Labinal/Dmu/Workflow/Config/acl.ini'; protected $value = '; ACL Configuration file
[ADMIN]
Trans_DMU_X_Y = x

[INTERNAL_CHECK_3D]
Trans_DMU_128_130 = x
Trans_DMU_128_126 = x

[DESIGNER]
Trans_DMU_124_125 = x
Trans_DMU_124_126 = x

Trans_DMU_129_125 = x
Trans_DMU_129_126 = x

Trans_DMU_144_146 = x

[ZL_3D]
Trans_DMU_119_120 = x

Trans_DMU_120_124 = x
Trans_DMU_120_125 = x
Trans_DMU_120_131 = x
Trans_DMU_120_410 = x
Trans_DMU_120_101 = x

Trans_DMU_124_125 = x
Trans_DMU_124_126 = x
Trans_DMU_124_410 = x

Trans_DMU_125_126 = x
Trans_DMU_125_124 = x
Trans_DMU_125_129 = x
Trans_DMU_125_120 = x
Trans_DMU_125_410 = x

Trans_DMU_126_125 = x
Trans_DMU_126_128 = x
Trans_DMU_126_131 = x
Trans_DMU_126_410 = x

Trans_DMU_129_125 = x
Trans_DMU_129_126 = x
Trans_DMU_129_410 = x

Trans_DMU_130_129 = x
Trans_DMU_130_199 = x
Trans_DMU_130_200 = x
Trans_DMU_130_131 = x

Trans_DMU_140_144 = x
Trans_DMU_140_200 = x

Trans_DMU_144_146 = x
Trans_DMU_144_410 = x

Trans_DMU_146_144 = x
Trans_DMU_146_200 = x
Trans_DMU_146_410 = x

Trans_DMU_200_140 = x
Trans_DMU_200_280 = x
Trans_DMU_200_410 = x

Trans_DMU_280_310 = x
Trans_DMU_280_399 = x

Trans_DMU_310_320 = x
Trans_DMU_310_410 = x

Trans_DMU_320_140 = x
Trans_DMU_320_340 = x
Trans_DMU_320_410 = x

Trans_DMU_340_399 = x

[DL_3D]
Trans_DMU_119_120 = x

Trans_DMU_120_124 = x
Trans_DMU_120_125 = x
Trans_DMU_120_131 = x
Trans_DMU_120_410 = x
Trans_DMU_120_101 = x

Trans_DMU_124_410 = x
Trans_DMU_124_125 = x
Trans_DMU_124_126 = x

Trans_DMU_126_125 = x
Trans_DMU_126_410 = x

Trans_DMU_125_126 = x
Trans_DMU_125_120 = x
Trans_DMU_125_124 = x
Trans_DMU_125_129 = x
Trans_DMU_125_410 = x

Trans_DMU_129_125 = x
Trans_DMU_129_126 = x
Trans_DMU_129_410 = x

Trans_DMU_140_144 = x
Trans_DMU_140_200 = x
Trans_DMU_140_410 = x

Trans_DMU_144_146 = x
Trans_DMU_144_410 = x

Trans_DMU_146_144 = x
Trans_DMU_146_200 = x
Trans_DMU_146_410 = x

Trans_DMU_200_140 = x
Trans_DMU_200_280 = x
Trans_DMU_200_410 = x

Trans_DMU_280_310 = x
Trans_DMU_280_399 = x

Trans_DMU_310_320 = x
Trans_DMU_310_410 = x

Trans_DMU_320_140 = x
Trans_DMU_320_340 = x
Trans_DMU_320_410 = x

Trans_DMU_340_399 = x
'; protected $disabled = TRUE; protected $class = 'admin_config'; protected $dbName = NULL; protected $mandatory = FALSE; protected $regEx = array (); protected $moduleName = 'RouteOverviewForm'; protected $onchange = NULL; protected $events = array (); protected $unique = FALSE; protected $multiple = FALSE; protected $labelLeft = TRUE; protected $dataProvider = NULL; protected $dataProviderName = NULL; protected $toolTip = NULL; protected $group = NULL; protected $colspan = 1; protected $save = TRUE }), 147 => array (1 => array ('colspan' => 1, 'text' => 'Route', 'rowspan' => 1), 2 => array ('colspan' => 1, 'text' => '<b> No Routes section in config or Route does not begin with routes.xyz</b>', 'rowspan' => 1)), 148 => array (1 => array ('colspan' => 2, 'text' => '<hr/>', 'rowspan' => 1)), 149 => array (1 => array ('colspan' => 1, 'text' => 'AddOn:', 'rowspan' => 1), 2 => array ('colspan' => 1, 'text' => '<a name="Xlogic\AddOn\Client\Labinal\Example\AddOn" id="Xlogic\AddOn\Client\Labinal\Example\AddOn">Xlogic\AddOn\Client\Labinal\Example\AddOn[Xlogic/AddOn/Client/Labinal/Example/]</a>', 'rowspan' => 1)), 150 => array (1 => array ('colspan' => 1, 'text' => 'Path to config file: ', 'rowspan' => 1), 2 => array ('colspan' => 1, 'text' => '/var/www/workspace/Xlogic/Xlogic/AddOn/Client/Labinal/Example/Config/', 'rowspan' => 1)), 151 => array (2 => class Xlogic\Core\View\Control\Textarea { protected $type = 'textarea'; protected $rows = '6'; protected $cols = '80'; protected $multilineOnMultipleValues = FALSE; protected $label = 'Config:'; protected $row = 151; protected $col = 2; protected $name = '/var/www/workspace/Xlogic/Xlogic/AddOn/Client/Labinal/Example/Config/config.ini'; protected $value = '; Configuration file
[AddOn]
name = 'Example'

[Routes]
routes.example.route = Example/:action
routes.example.defaults.controller = \Xlogic\AddOn\Client\Labinal\Example\Controller\Example
routes.example.defaults.action = render'; protected $disabled = TRUE; protected $class = 'admin_config'; protected $dbName = NULL; protected $mandatory = FALSE; protected $regEx = array (); protected $moduleName = 'RouteOverviewForm'; protected $onchange = NULL; protected $events = array (); protected $unique = FALSE; protected $multiple = FALSE; protected $labelLeft = TRUE; protected $dataProvider = NULL; protected $dataProviderName = NULL; protected $toolTip = NULL; protected $group = NULL; protected $colspan = 1; protected $save = TRUE }), 152 => array (2 => class Xlogic\Core\View\Control\Textarea { protected $type = 'textarea'; protected $rows = '6'; protected $cols = '80'; protected $multilineOnMultipleValues = FALSE; protected $label = 'Acl:'; protected $row = 152; protected $col = 2; protected $name = '/var/www/workspace/Xlogic/Xlogic/AddOn/Client/Labinal/Example/Config/acl.ini'; protected $value = '; ACL Configuration file
[Admin]
Example._all = x
ExampleView._all = rw
'; protected $disabled = TRUE; protected $class = 'admin_config'; protected $dbName = NULL; protected $mandatory = FALSE; protected $regEx = array (); protected $moduleName = 'RouteOverviewForm'; protected $onchange = NULL; protected $events = array (); protected $unique = FALSE; protected $multiple = FALSE; protected $labelLeft = TRUE; protected $dataProvider = NULL; protected $dataProviderName = NULL; protected $toolTip = NULL; protected $group = NULL; protected $colspan = 1; protected $save = TRUE }), 153 => array (1 => array ('colspan' => 1, 'text' => 'Route: ', 'rowspan' => 1), 2 => array ('colspan' => 1, 'text' => '<a href="http://ubuntu:80/workspace/Xlogic/Example/">Example/</a>', 'rowspan' => 1)), 154 => array (1 => array ('colspan' => 1, 'text' => 'Controller: ', 'rowspan' => 1), 2 => array ('colspan' => 1, 'text' => '\Xlogic\AddOn\Client\Labinal\Example\Controller\Example', 'rowspan' => 1)), 155 => array (1 => array ('colspan' => 1, 'text' => 'Default action: ', 'rowspan' => 1), 2 => array ('colspan' => 1, 'text' => 'render', 'rowspan' => 1)), 156 => array (1 => array ('colspan' => 2, 'text' => '<hr/>', 'rowspan' => 1)), 157 => array (1 => array ('colspan' => 1, 'text' => 'AddOn:', 'rowspan' => 1), 2 => array ('colspan' => 1, 'text' => '<a name="Xlogic\AddOn\Client\Labinal\Home\AddOn" id="Xlogic\AddOn\Client\Labinal\Home\AddOn">Xlogic\AddOn\Client\Labinal\Home\AddOn[Xlogic/AddOn/Client/Labinal/Home/]</a>', 'rowspan' => 1)), 158 => array (1 => array ('colspan' => 1, 'text' => 'Path to config file: ', 'rowspan' => 1), 2 => array ('colspan' => 1, 'text' => '/var/www/workspace/Xlogic/Xlogic/AddOn/Client/Labinal/Home/Config/', 'rowspan' => 1)), 159 => array (2 => class Xlogic\Core\View\Control\Textarea { protected $type = 'textarea'; protected $rows = '6'; protected $cols = '80'; protected $multilineOnMultipleValues = FALSE; protected $label = 'Config:'; protected $row = 159; protected $col = 2; protected $name = '/var/www/workspace/Xlogic/Xlogic/AddOn/Client/Labinal/Home/Config/config.ini'; protected $value = '; Configuration file
[AddOn]
name = 'Home'

[Routes]
routes.home.route = Home/:action
routes.home.defaults.controller = \Xlogic\AddOn\Client\Labinal\Home\Controller\Home
routes.home.defaults.action = render'; protected $disabled = TRUE; protected $class = 'admin_config'; protected $dbName = NULL; protected $mandatory = FALSE; protected $regEx = array (); protected $moduleName = 'RouteOverviewForm'; protected $onchange = NULL; protected $events = array (); protected $unique = FALSE; protected $multiple = FALSE; protected $labelLeft = TRUE; protected $dataProvider = NULL; protected $dataProviderName = NULL; protected $toolTip = NULL; protected $group = NULL; protected $colspan = 1; protected $save = TRUE }), 160 => array (2 => class Xlogic\Core\View\Control\Textarea { protected $type = 'textarea'; protected $rows = '6'; protected $cols = '80'; protected $multilineOnMultipleValues = FALSE; protected $label = 'Acl:'; protected $row = 160; protected $col = 2; protected $name = '/var/www/workspace/Xlogic/Xlogic/AddOn/Client/Labinal/Home/Config/acl.ini'; protected $value = '; ACL Configuration file
[TRS_FOCAL : TRS_READER]
[TRS_929 : TRS_READER]
[TRS_READER]
Home.render = x
Home.overview = x
Home.Trs = r

[MAP_TEAM : MAP_READER]
[MAP_READER]
Home.render = x
Home.overview = x
Home.Map = r

[3D_ZL : TRS_MAP_READER]
[DESIGNER : TRS_MAP_READER]
[EQUIPMENT : TRS_MAP_READER]
[TRS_MAP_READER]
Home.render = x
Home.overview = x
Home.Trs = r
Home.Map = r

[3D_ZL : 3D_READER]
[DESIGNER : 3D_READER]
[BERTRANT : 3D_READER]
[INTERNAL_CHECK_3D : 3D_READER]
[3D_READER]
Home.render = x
Home.overview = x
Home.DmuAllFlows = r
Home.DmuPrimaryFlow = r
Home.DmuSecondaryFlow = r
Home.DmuTreatment = r

[TL_CORETEAM : 928_READER]
[CORETEAM : 928_READER]
[BERTRANT : 928_READER]
[OFFSHORE_MGMT : 928_READER]
[CUU : 928_READER]
[SAI : 928_READER]
[TCS : 928_READER]
[CTD : 928_READER]
[FLOW_MGMT : 928_READER]
[MEDO_HO : 928_READER]
[928_READER]
Home.render = x
Home.overview = x
Home.Drwg928 = r

[CORETEAM : 929_READER]
[STG : 929_READER]
[929_READER]
Home.render = x
Home.overview = x
Home.Drwg929 = r

[Public]
[...]
			<span class="corners-top"><span></span></span>
			<div>
				<span class="headerbar_text">{applicationName}</span>
			</div>
			<span class="corners-bottom"><span></span></span>
		</div>
			
		<div class="navbar_top">
			<span class="corners-top"><span></span></span>
			{navLeftTop}		
			{menu}
			{navRightTop}		
			<span class="corners-bottom"><span></span></span>
		</div>
			
		{statusBar}
        <div id='ajaxMessages'>
        </div>
            		
    		<div class="titlebar">
    			<div class="titlebar_title">
    				{title}
    			</div>
    			<div class="titlebar_description">
    				{description}
    			</div>
    		</div>			
		
			<div id="modules">
				{modules}
			</div>
			

		<div class="navbar_bottom">
			<span class="corners-top"><span></span></span>
			{navLeftBottom}		
			{navRightBottom}		
			<span class="corners-bottom"><span></span></span>
		</div>
	</div>
	<div class="bg_bottom{popup}">&nbsp;</div>
	<div style="height:70px;text-align:center;line-height:64px;">
			Powered by <img src="{baseURL}Xlogic/Core/Style/images/xlogic_logov2.gif"/> The psX Workflow Framework, Version 2.0, (c) 2005-2011, <a href="http://www.psx-corporation.com" target="top">psX Technology GmbH</a></div>
	</form>
</body>

</html>' }) }; protected $_data = array () }; protected $modules = array (); protected $moduleControllers = ...; protected $name = ''; protected $newObjId = NULL; protected $dataProviders = array ('ids' => class Xlogic\Core\Model\DataProvider { protected $name = 'ids'; protected $data = ''; protected $joins = NULL; protected $select = ''; protected $param = array (); protected $options = array (); protected $alias = ''; protected $sortField = NULL; protected $linkValue = NULL }); protected $filterProviders = array (); protected $options = NULL; protected $multiple = ''; protected $config = NULL; protected $targetDateController = array (); protected $addOn = class Xlogic\AddOn\Administration\RouteOverview\AddOn { protected $configAddOn = class Zend_Config { protected $_allowModifications = TRUE; protected $_index = 1; protected $_count = 1; protected $_data = array ('name' => 'RouteOverview'); protected $_skipNextIteration = FALSE; protected $_loadedSection = NULL; protected $_extends = array (); protected $_loadFileErrorStr = NULL }; protected $configRoutes = class Zend_Config { protected $_allowModifications = TRUE; protected $_index = 1; protected $_count = 1; protected $_data = array ('routes' => class Zend_Config { protected $_allowModifications = TRUE; protected $_index = 1; protected $_count = 1; protected $_data = array ('routeOverview' => class Zend_Config { protected $_allowModifications = TRUE; protected $_index = 2; protected $_count = 2; protected $_data = array ('route' => 'Administration/RouteOverview/:action', 'defaults' => class Zend_Config { protected $_allowModifications = TRUE; protected $_index = 2; protected $_count = 2; protected $_data = array ('controller' => '\Xlogic\AddOn\Administration\RouteOverview\Controller\RouteOverview', 'action' => 'render'); protected $_skipNextIteration = FALSE; protected $_loadedSection = NULL; protected $_extends = array (); protected $_loadFileErrorStr = NULL }); protected $_skipNextIteration = FALSE; protected $_loadedSection = NULL; protected $_extends = array (); protected $_loadFileErrorStr = NULL }); protected $_skipNextIteration = FALSE; protected $_loadedSection = NULL; protected $_extends = array (); protected $_loadFileErrorStr = NULL }); protected $_skipNextIteration = FALSE; protected $_loadedSection = NULL; protected $_extends = array (); protected $_loadFileErrorStr = NULL }; protected $configAcl = class Xlogic\Core\Controller\ConfigReader { protected $filename = '/var/www/workspace/Xlogic/Xlogic/AddOn/Administration/RouteOverview/Config/acl.ini'; protected $_nestSeparator = '.'; protected $_sectionSeparator = ':'; protected $_skipExtends = FALSE; protected $_allowModifications = TRUE; protected $_index = 1; protected $_count = 1; protected $_data = array ('Public' => class Zend_Config { protected $_allowModifications = TRUE; protected $_index = 2; protected $_count = 2; protected $_data = array ('RouteOverview' => class Zend_Config { protected $_allowModifications = TRUE; protected $_index = 1; protected $_count = 1; protected $_data = array ('_all' => 'x'); protected $_skipNextIteration = FALSE; protected $_loadedSection = NULL; protected $_extends = array (); protected $_loadFileErrorStr = NULL }, 'RouteOverviewForm' => class Zend_Config { protected $_allowModifications = TRUE; protected $_index = 1; protected $_count = 1; protected $_data = array ('all' => 'rw'); protected $_skipNextIteration = FALSE; protected $_loadedSection = NULL; protected $_extends = array (); protected $_loadFileErrorStr = NULL }); protected $_skipNextIteration = FALSE; protected $_loadedSection = NULL; protected $_extends = array (); protected $_loadFileErrorStr = NULL }); protected $_skipNextIteration = FALSE; protected $_loadedSection = NULL; protected $_extends = array (); protected $_loadFileErrorStr = NULL }; protected $configDir = '/var/www/workspace/Xlogic/Xlogic/AddOn/Administration/RouteOverview/Config/'; protected $addOnPath = 'Xlogic/AddOn/Administration/RouteOverview/' }; protected $acl = class Xlogic\Core\Controller\Auth\AclManager { protected $aclConfig = class Xlogic\Core\Controller\ConfigReader { protected $filename = '/var/www/workspace/Xlogic/Xlogic/AddOn/Administration/RouteOverview/Config/acl.ini'; protected $_nestSeparator = '.'; protected $_sectionSeparator = ':'; protected $_skipExtends = FALSE; protected $_allowModifications = TRUE; protected $_index = 1; protected $_count = 1; protected $_data = array ('Public' => class Zend_Config { protected $_allowModifications = TRUE; protected $_index = 2; protected $_count = 2; protected $_data = array ('RouteOverview' => class Zend_Config { protected $_allowModifications = TRUE; protected $_index = 1; protected $_count = 1; protected $_data = array ('_all' => 'x'); protected $_skipNextIteration = FALSE; protected $_loadedSection = NULL; protected $_extends = array (); protected $_loadFileErrorStr = NULL }, 'RouteOverviewForm' => class Zend_Config { protected $_allowModifications = TRUE; protected $_index = 1; protected $_count = 1; protected $_data = array ('all' => 'rw'); protected $_skipNextIteration = FALSE; protected $_loadedSection = NULL; protected $_extends = array (); protected $_loadFileErrorStr = NULL }); protected $_skipNextIteration = FALSE; protected $_loadedSection = NULL; protected $_extends = array (); protected $_loadFileErrorStr = NULL }); protected $_skipNextIteration = FALSE; protected $_loadedSection = NULL; protected $_extends = array (); protected $_loadFileErrorStr = NULL }; protected $groups = array (0 => 'ADMIN', 1 => 'EVERYBODY') }; protected $logger = class Xlogic\Core\Util\Debugger {  }; protected $request = class Zend_Controller_Request_Http { protected $_paramSources = array (0 => '_GET', 1 => '_POST'); protected $_requestUri = '/workspace/Xlogic/Administration/RouteOverview'; protected $_baseUrl = '/workspace/Xlogic'; protected $_basePath = NULL; protected $_pathInfo = '/Administration/RouteOverview'; protected $_params = array ('controller' => '\Xlogic\AddOn\Administration\RouteOverview\Controller\RouteOverview', 'action' => 'render'); protected $_rawBody = NULL; protected $_aliases = array (); protected $_dispatched = FALSE; protected $_module = NULL; protected $_moduleKey = 'module'; protected $_controller = '\Xlogic\AddOn\Administration\RouteOverview\Controller\RouteOverview'; protected $_controllerKey = 'controller'; protected $_action = 'render'; protected $_actionKey = 'action' } }; protected $config = class Zend_Config { protected $_allowModifications = TRUE; protected $_index = 4; protected $_count = 4; protected $_data = array ('server' => class Zend_Config { protected $_allowModifications = TRUE; protected $_index = 1; protected $_count = 1; protected $_data = array ('application' => class Zend_Config { protected $_allowModifications = TRUE; protected $_index = 8; protected $_count = 8; protected $_data = array ('name' => 'Xlogic - Safran Process Management Electric', 'url' => 'http://ubuntu:80/workspace/Xlogic/', 'legacyUrl' => 'http://ubuntu:80/workspace/Xlogic/legacy/', 'defaultRoute' => 'UserAuth', 'clientPath' => '\Xlogic\AddOn\Client\Labinal\', 'menu' => '\Xlogic\AddOn\Client\Labinal\Menu\Controller\LabinalMenu', 'dateFormat' => 'Y-m-d', 'client' => class Zend_Config { protected $_allowModifications = TRUE; protected $_index = 1; protected $_count = 1; protected $_data = array ('como' => class Zend_Config { protected $_allowModifications = TRUE; protected $_index = 1; protected $_count = 1; protected $_data = array ('tablePrefix' => 'REP_LAB_CLAIM_MANAG_'); protected $_skipNextIteration = FALSE; protected $_loadedSection = NULL; protected $_extends = array (); protected $_loadFileErrorStr = NULL }); protected $_skipNextIteration = FALSE; protected $_loadedSection = NULL; protected $_extends = array (); protected $_loadFileErrorStr = NULL }); protected $_skipNextIteration = FALSE; protected $_loadedSection = NULL; protected $_extends = array (); protected $_loadFileErrorStr = NULL }); protected $_skipNextIteration = FALSE; protected $_loadedSection = NULL; protected $_extends = array (); protected $_loadFileErrorStr = NULL }, 'debugger' => class Zend_Config { protected $_allowModifications = TRUE; protected $_index = 1; protected $_count = 1; protected $_data = array ('show' => '0'); protected $_skipNextIteration = FALSE; protected $_loadedSection = NULL; protected $_extends = array (); protected $_loadFileErrorStr = NULL }, 'translation' => class Zend_Config { protected $_allowModifications = TRUE; protected $_index = 2; protected $_count = 2; protected $_data = array ('defaultLocale' => 'en_GB', 'import' => class Zend_Config { protected $_allowModifications = TRUE; protected $_index = 2; protected $_count = 2; protected $_data = array ('defaultFormat' => 'Excel2007', 'excel2007' => class Zend_Config { protected $_allowModifications = TRUE; protected $_index = 3; protected $_count = 3; protected $_data = array ('fileExtension' => '.xls', 'hashKeyRow' => '1', 'firstDataRow' => '2'); protected $_skipNextIteration = FALSE; protected $_loadedSection = NULL; protected $_extends = array (); protected $_loadFileErrorStr = NULL }); protected $_skipNextIteration = FALSE; protected $_loadedSection = NULL; protected $_extends = array (); protected $_loadFileErrorStr = NULL }); protected $_skipNextIteration = FALSE; protected $_loadedSection = NULL; protected $_extends = array (); protected $_loadFileErrorStr = NULL }, 'filecache' => class Zend_Config { protected $_allowModifications = TRUE; protected $_index = 1; protected $_count = 1; protected $_data = array ('extension' => '.txt'); protected $_skipNextIteration = FALSE; protected $_loadedSection = NULL; protected $_extends = array (); protected $_loadFileErrorStr = NULL }); protected $_skipNextIteration = FALSE; protected $_loadedSection = NULL; protected $_extends = array (); protected $_loadFileErrorStr = NULL }; protected $moduleParams = NULL; protected $addOn = class Xlogic\AddOn\Administration\RouteOverview\AddOn { protected $configAddOn = class Zend_Config { protected $_allowModifications = TRUE; protected $_index = 1; protected $_count = 1; protected $_data = array ('name' => 'RouteOverview'); protected $_skipNextIteration = FALSE; protected $_loadedSection = NULL; protected $_extends = array (); protected $_loadFileErrorStr = NULL }; protected $configRoutes = class Zend_Config { protected $_allowModifications = TRUE; protected $_index = 1; protected $_count = 1; protected $_data = array ('routes' => class Zend_Config { protected $_allowModifications = TRUE; protected $_index = 1; protected $_count = 1; protected $_data = array ('routeOverview' => class Zend_Config { protected $_allowModifications = TRUE; protected $_index = 2; protected $_count = 2; protected $_data = array ('route' => 'Administration/RouteOverview/:action', 'defaults' => class Zend_Config { protected $_allowModifications = TRUE; protected $_index = 2; protected $_count = 2; protected $_data = array ('controller' => '\Xlogic\AddOn\Administration\RouteOverview\Controller\RouteOverview', 'action' => 'render'); protected $_skipNextIteration = FALSE; protected $_loadedSection = NULL; protected $_extends = array (); protected $_loadFileErrorStr = NULL }); protected $_skipNextIteration = FALSE; protected $_loadedSection = NULL; protected $_extends = array (); protected $_loadFileErrorStr = NULL }); protected $_skipNextIteration = FALSE; protected $_loadedSection = NULL; protected $_extends = array (); protected $_loadFileErrorStr = NULL }); protected $_skipNextIteration = FALSE; protected $_loadedSection = NULL; protected $_extends = array (); protected $_loadFileErrorStr = NULL }; protected $configAcl = class Xlogic\Core\Controller\ConfigReader { protected $filename = '/var/www/workspace/Xlogic/Xlogic/AddOn/Administration/RouteOverview/Config/acl.ini'; protected $_nestSeparator = '.'; protected $_sectionSeparator = ':'; protected $_skipExtends = FALSE; protected $_allowModifications = TRUE; protected $_index = 1; protected $_count = 1; protected $_data = array ('Public' => class Zend_Config { protected $_allowModifications = TRUE; protected $_index = 2; protected $_count = 2; protected $_data = array ('RouteOverview' => class Zend_Config { protected $_allowModifications = TRUE; protected $_index = 1; protected $_count = 1; protected $_data = array ('_all' => 'x'); protected $_skipNextIteration = FALSE; protected $_loadedSection = NULL; protected $_extends = array (); protected $_loadFileErrorStr = NULL }, 'RouteOverviewForm' => class Zend_Config { protected $_allowModifications = TRUE; protected $_index = 1; protected $_count = 1; protected $_data = array ('all' => 'rw'); protected $_skipNextIteration = FALSE; protected $_loadedSection = NULL; protected $_extends = array (); protected $_loadFileErrorStr = NULL }); protected $_skipNextIteration = FALSE; protected $_loadedSection = NULL; protected $_extends = array (); protected $_loadFileErrorStr = NULL }); protected $_skipNextIteration = FALSE; protected $_loadedSection = NULL; protected $_extends = array (); protected $_loadFileErrorStr = NULL }; protected $configDir = '/var/www/workspace/Xlogic/Xlogic/AddOn/Administration/RouteOverview/Config/'; protected $addOnPath = 'Xlogic/AddOn/Administration/RouteOverview/' }; protected $acl = class Xlogic\Core\Controller\Auth\AclManager { protected $aclConfig = class Xlogic\Core\Controller\ConfigReader { protected $filename = '/var/www/workspace/Xlogic/Xlogic/AddOn/Administration/RouteOverview/Config/acl.ini'; protected $_nestSeparator = '.'; protected $_sectionSeparator = ':'; protected $_skipExtends = FALSE; protected $_allowModifications = TRUE; protected $_index = 1; protected $_count = 1; protected $_data = array ('Public' => class Zend_Config { protected $_allowModifications = TRUE; protected $_index = 2; protected $_count = 2; protected $_data = array ('RouteOverview' => class Zend_Config { protected $_allowModifications = TRUE; protected $_index = 1; protected $_count = 1; protected $_data = array ('_all' => 'x'); protected $_skipNextIteration = FALSE; protected $_loadedSection = NULL; protected $_extends = array (); protected $_loadFileErrorStr = NULL }, 'RouteOverviewForm' => class Zend_Config { protected $_allowModifications = TRUE; protected $_index = 1; protected $_count = 1; protected $_data = array ('all' => 'rw'); protected $_skipNextIteration = FALSE; protected $_loadedSection = NULL; protected $_extends = array (); protected $_loadFileErrorStr = NULL }); protected $_skipNextIteration = FALSE; protected $_loadedSection = NULL; protected $_extends = array (); protected $_loadFileErrorStr = NULL }); protected $_skipNextIteration = FALSE; protected $_loadedSection = NULL; protected $_extends = array (); protected $_loadFileErrorStr = NULL }; protected $groups = array (0 => 'ADMIN', 1 => 'EVERYBODY') }; protected $logger = class Xlogic\Core\Util\Debugger {  }; protected $request = class Zend_Controller_Request_Http { protected $_paramSources = array (0 => '_GET', 1 => '_POST'); protected $_requestUri = '/workspace/Xlogic/Administration/RouteOverview'; protected $_baseUrl = '/workspace/Xlogic'; protected $_basePath = NULL; protected $_pathInfo = '/Administration/RouteOverview'; protected $_params = array ('controller' => '\Xlogic\AddOn\Administration\RouteOverview\Controller\RouteOverview', 'action' => 'render'); protected $_rawBody = NULL; protected $_aliases = array (); protected $_dispatched = FALSE; protected $_module = NULL; protected $_moduleKey = 'module'; protected $_controller = '\Xlogic\AddOn\Administration\RouteOverview\Controller\RouteOverview'; protected $_controllerKey = 'controller'; protected $_action = 'render'; protected $_actionKey = 'action' } })]]>
              </value>
            </param>
          </params>
        </test-method>
        <test-method status="PASS" signature="parseStringString(java.lang.String, java.lang.String, java.lang.String)" name="parseStringString" duration-ms="1" started-at="2011-08-04T14:09:30Z" finished-at="2011-08-04T14:09:30Z">
          <params>
            <param index="0">
              <value>
                <![CDATA[$className]]>
              </value>
            </param>
            <param index="1">
              <value>
                <![CDATA['Xlogic\Core\Model\Entity\X_User']]>
              </value>
            </param>
            <param index="2">
              <value>
                <![CDATA[']]>
              </value>
            </param>
          </params>
        </test-method>
        <test-method status="PASS" signature="setUpBeforeMethod()" name="setUpBeforeMethod" is-config="true" duration-ms="0" started-at="2011-08-04T14:09:30Z" finished-at="2011-08-04T14:09:30Z">
        </test-method>
        <test-method status="PASS" signature="parseStringString(java.lang.String, java.lang.String, java.lang.String)" name="parseStringString" duration-ms="0" started-at="2011-08-04T14:09:30Z" finished-at="2011-08-04T14:09:30Z">
          <params>
            <param index="0">
              <value>
                <![CDATA[$modelPath]]>
              </value>
            </param>
            <param index="1">
              <value>
                <![CDATA["Xlogic\Core\Model\Entity\X_User"]]>
              </value>
            </param>
            <param index="2">
              <value>
                <![CDATA["]]>
              </value>
            </param>
          </params>
        </test-method>
        <test-method status="PASS" signature="setUpBeforeMethod()" name="setUpBeforeMethod" is-config="true" duration-ms="0" started-at="2011-08-04T14:09:30Z" finished-at="2011-08-04T14:09:30Z">
        </test-method>
        <test-method status="PASS" signature="parseStringString(java.lang.String, java.lang.String, java.lang.String)" name="parseStringString" duration-ms="1" started-at="2011-08-04T14:09:30Z" finished-at="2011-08-04T14:09:30Z">
          <params>
            <param index="0">
              <value>
                <![CDATA[$testName]]>
              </value>
            </param>
            <param index="1">
              <value>
                <![CDATA["This is but a test! "]]>
              </value>
            </param>
            <param index="2">
              <value>
                <![CDATA["]]>
              </value>
            </param>
          </params>
        </test-method>
        <test-method status="PASS" signature="setUpBeforeMethod()" name="setUpBeforeMethod" is-config="true" duration-ms="0" started-at="2011-08-04T14:09:30Z" finished-at="2011-08-04T14:09:30Z">
        </test-method>
      </class>
    </test>
  </suite>
</testng-results>
