<?xml version="1.0" encoding="UTF-8"?>
<testsuite hostname="Hexagon" name="com.psx.technology.debug.c3po.content.parser.XDebugDataStructureParserTest" tests="10" failures="0" timestamp="4 Aug 2011 12:09:30 GMT" time="0.937" errors="0">
  <testcase name="parseArrayString" time="0.01" classname="com.psx.technology.debug.c3po.content.parser.XDebugDataStructureParserTest"/>
  <testcase name="parseArrayString" time="0.0010" classname="com.psx.technology.debug.c3po.content.parser.XDebugDataStructureParserTest"/>
  <testcase name="parseObjectString" time="0.0010" classname="com.psx.technology.debug.c3po.content.parser.XDebugDataStructureParserTest"/>
  <testcase name="parseStringParameter" time="0.0010" classname="com.psx.technology.debug.c3po.content.parser.XDebugDataStructureParserTest"/>
  <testcase name="parseStringParameter" time="0.0020" classname="com.psx.technology.debug.c3po.content.parser.XDebugDataStructureParserTest"/>
  <testcase name="parseStringReturn" time="0.0010" classname="com.psx.technology.debug.c3po.content.parser.XDebugDataStructureParserTest"/>
  <testcase name="parseStringReturn" time="0.841" classname="com.psx.technology.debug.c3po.content.parser.XDebugDataStructureParserTest"/>
  <testcase name="parseStringString" time="0.0010" classname="com.psx.technology.debug.c3po.content.parser.XDebugDataStructureParserTest"/>
  <testcase name="parseStringString" time="0.0" classname="com.psx.technology.debug.c3po.content.parser.XDebugDataStructureParserTest"/>
  <testcase name="parseStringString" time="0.0010" classname="com.psx.technology.debug.c3po.content.parser.XDebugDataStructureParserTest"/>
</testsuite>
